  [1m[36m (279.6ms)[0m  [1mCREATE TABLE `schema_migrations` (`version` varchar(255) NOT NULL) ENGINE=InnoDB[0m
  [1m[35m (223.3ms)[0m  CREATE UNIQUE INDEX `unique_schema_migrations` ON `schema_migrations` (`version`)
  [1m[36m (0.4ms)[0m  [1mSELECT `schema_migrations`.`version` FROM `schema_migrations` [0m
Migrating to CreateStudents (20120311141015)
  [1m[35m (148.2ms)[0m  CREATE TABLE `students` (`id` int(11) DEFAULT NULL auto_increment PRIMARY KEY, `surname` varchar(255), `name` varchar(255), `gender` varchar(255), `date_of_birth` date, `place_of_birth` varchar(255), `citizenship` varchar(255), `tax_code` varchar(255), `created_at` datetime NOT NULL, `updated_at` datetime NOT NULL) ENGINE=InnoDB
  [1m[36m (66.4ms)[0m  [1mINSERT INTO `schema_migrations` (`version`) VALUES ('20120311141015')[0m
  [1m[35m (0.3ms)[0m  SELECT `schema_migrations`.`version` FROM `schema_migrations` 
  [1m[36m (0.2ms)[0m  [1mSELECT `schema_migrations`.`version` FROM `schema_migrations` [0m
  [1m[35m (0.4ms)[0m  DROP DATABASE IF EXISTS `servizi_studenti_test`
  [1m[36m (0.3ms)[0m  [1mCREATE DATABASE `servizi_studenti_test` DEFAULT CHARACTER SET `utf8` COLLATE `utf8_unicode_ci`[0m
  [1m[35m (177.3ms)[0m  CREATE TABLE `students` (`id` int(11) DEFAULT NULL auto_increment PRIMARY KEY, `surname` varchar(255), `name` varchar(255), `gender` varchar(255), `date_of_birth` date, `place_of_birth` varchar(255), `citizenship` varchar(255), `tax_code` varchar(255), `created_at` datetime NOT NULL, `updated_at` datetime NOT NULL) ENGINE=InnoDB
  [1m[36m (156.8ms)[0m  [1mCREATE TABLE `schema_migrations` (`version` varchar(255) NOT NULL) ENGINE=InnoDB[0m
  [1m[35m (302.0ms)[0m  CREATE UNIQUE INDEX `unique_schema_migrations` ON `schema_migrations` (`version`)
  [1m[36m (0.4ms)[0m  [1mSELECT version FROM `schema_migrations`[0m
  [1m[35m (169.7ms)[0m  INSERT INTO `schema_migrations` (version) VALUES ('20120311141015')


Started GET "/students//keys" for 127.0.0.1 at 2012-03-11 17:10:52 +0100
Processing by StudentsController#show as */*
  Parameters: {"id"=>"keys"}
  [1m[36mStudent Load (51.7ms)[0m  [1mSELECT `students`.* FROM `students` WHERE `students`.`id` = 0 LIMIT 1[0m
Completed 500 Internal Server Error in 103ms

ActiveRecord::RecordNotFound (Couldn't find Student with id=keys):
  app/controllers/students_controller.rb:6:in `show'


  Rendered /home/sh4d/.rvm/gems/ruby-1.9.3-p0/gems/actionpack-3.2.1/lib/action_dispatch/middleware/templates/rescues/_trace.erb (7.9ms)
  Rendered /home/sh4d/.rvm/gems/ruby-1.9.3-p0/gems/actionpack-3.2.1/lib/action_dispatch/middleware/templates/rescues/_request_and_response.erb (3.0ms)
  Rendered /home/sh4d/.rvm/gems/ruby-1.9.3-p0/gems/actionpack-3.2.1/lib/action_dispatch/middleware/templates/rescues/diagnostics.erb within rescues/layout (23.8ms)


Started GET "/students/keys?username=0108001416&password=[FILTERED]" for 127.0.0.1 at 2012-03-11 17:51:44 +0100
Processing by StudentsController#show as */*
  Parameters: {"username"=>"0108001416", "password"=>"[FILTERED]", "id"=>"keys"}
  [1m[35mStudent Load (0.2ms)[0m  SELECT `students`.* FROM `students` WHERE `students`.`id` = 0 LIMIT 1
Completed 500 Internal Server Error in 2ms

ActiveRecord::RecordNotFound (Couldn't find Student with id=keys):
  app/controllers/students_controller.rb:6:in `show'


  Rendered /home/sh4d/.rvm/gems/ruby-1.9.3-p0/gems/actionpack-3.2.1/lib/action_dispatch/middleware/templates/rescues/_trace.erb (5.6ms)
  Rendered /home/sh4d/.rvm/gems/ruby-1.9.3-p0/gems/actionpack-3.2.1/lib/action_dispatch/middleware/templates/rescues/_request_and_response.erb (1.4ms)
  Rendered /home/sh4d/.rvm/gems/ruby-1.9.3-p0/gems/actionpack-3.2.1/lib/action_dispatch/middleware/templates/rescues/diagnostics.erb within rescues/layout (9.8ms)


Started GET "/students" for 127.0.0.1 at 2012-03-11 18:03:56 +0100
Processing by StudentsController#index as HTML
  Rendered students/index.html.erb within layouts/application (56.5ms)
Completed 500 Internal Server Error in 69ms

ActionView::Template::Error (undefined method `each' for nil:NilClass):
    14:     <th></th>
    15:   </tr>
    16: 
    17: <% @students.each do |student| %>
    18:   <tr>
    19:     <td><%= student.surname %></td>
    20:     <td><%= student.name %></td>
  app/views/students/index.html.erb:17:in `_app_views_students_index_html_erb___235206282_90543930'


  Rendered /home/sh4d/.rvm/gems/ruby-1.9.3-p0/gems/actionpack-3.2.1/lib/action_dispatch/middleware/templates/rescues/_trace.erb (7.4ms)
  Rendered /home/sh4d/.rvm/gems/ruby-1.9.3-p0/gems/actionpack-3.2.1/lib/action_dispatch/middleware/templates/rescues/_request_and_response.erb (1.5ms)
  Rendered /home/sh4d/.rvm/gems/ruby-1.9.3-p0/gems/actionpack-3.2.1/lib/action_dispatch/middleware/templates/rescues/template_error.erb within rescues/layout (13.6ms)


Started GET "/students/0108001416/keys" for 127.0.0.1 at 2012-03-11 18:04:12 +0100

ActionController::RoutingError (No route matches [GET] "/students/0108001416/keys"):
  actionpack (3.2.1) lib/action_dispatch/middleware/debug_exceptions.rb:21:in `call'
  actionpack (3.2.1) lib/action_dispatch/middleware/show_exceptions.rb:56:in `call'
  railties (3.2.1) lib/rails/rack/logger.rb:26:in `call_app'
  railties (3.2.1) lib/rails/rack/logger.rb:16:in `call'
  actionpack (3.2.1) lib/action_dispatch/middleware/request_id.rb:22:in `call'
  rack (1.4.1) lib/rack/methodoverride.rb:21:in `call'
  rack (1.4.1) lib/rack/runtime.rb:17:in `call'
  activesupport (3.2.1) lib/active_support/cache/strategy/local_cache.rb:72:in `call'
  rack (1.4.1) lib/rack/lock.rb:15:in `call'
  actionpack (3.2.1) lib/action_dispatch/middleware/static.rb:53:in `call'
  railties (3.2.1) lib/rails/engine.rb:479:in `call'
  railties (3.2.1) lib/rails/application.rb:220:in `call'
  rack (1.4.1) lib/rack/content_length.rb:14:in `call'
  railties (3.2.1) lib/rails/rack/log_tailer.rb:14:in `call'
  rack (1.4.1) lib/rack/handler/webrick.rb:59:in `service'
  /home/sh4d/.rvm/rubies/ruby-1.9.3-p0/lib/ruby/1.9.1/webrick/httpserver.rb:138:in `service'
  /home/sh4d/.rvm/rubies/ruby-1.9.3-p0/lib/ruby/1.9.1/webrick/httpserver.rb:94:in `run'
  /home/sh4d/.rvm/rubies/ruby-1.9.3-p0/lib/ruby/1.9.1/webrick/server.rb:191:in `block in start_thread'


  Rendered /home/sh4d/.rvm/gems/ruby-1.9.3-p0/gems/actionpack-3.2.1/lib/action_dispatch/middleware/templates/rescues/routing_error.erb within rescues/layout (1.5ms)


Started GET "/student/0108001416/keys" for 127.0.0.1 at 2012-03-11 18:04:21 +0100

ActionController::RoutingError (uninitialized constant StudentController):
  activesupport (3.2.1) lib/active_support/inflector/methods.rb:229:in `block in constantize'
  activesupport (3.2.1) lib/active_support/inflector/methods.rb:228:in `each'
  activesupport (3.2.1) lib/active_support/inflector/methods.rb:228:in `constantize'
  actionpack (3.2.1) lib/action_dispatch/routing/route_set.rb:62:in `controller_reference'
  actionpack (3.2.1) lib/action_dispatch/routing/route_set.rb:47:in `controller'
  actionpack (3.2.1) lib/action_dispatch/routing/route_set.rb:26:in `call'
  journey (1.0.3) lib/journey/router.rb:68:in `block in call'
  journey (1.0.3) lib/journey/router.rb:56:in `each'
  journey (1.0.3) lib/journey/router.rb:56:in `call'
  actionpack (3.2.1) lib/action_dispatch/routing/route_set.rb:589:in `call'
  actionpack (3.2.1) lib/action_dispatch/middleware/best_standards_support.rb:17:in `call'
  rack (1.4.1) lib/rack/etag.rb:23:in `call'
  rack (1.4.1) lib/rack/conditionalget.rb:25:in `call'
  actionpack (3.2.1) lib/action_dispatch/middleware/head.rb:14:in `call'
  actionpack (3.2.1) lib/action_dispatch/middleware/params_parser.rb:21:in `call'
  actionpack (3.2.1) lib/action_dispatch/middleware/flash.rb:242:in `call'
  rack (1.4.1) lib/rack/session/abstract/id.rb:205:in `context'
  rack (1.4.1) lib/rack/session/abstract/id.rb:200:in `call'
  actionpack (3.2.1) lib/action_dispatch/middleware/cookies.rb:338:in `call'
  activerecord (3.2.1) lib/active_record/query_cache.rb:64:in `call'
  activerecord (3.2.1) lib/active_record/connection_adapters/abstract/connection_pool.rb:443:in `call'
  actionpack (3.2.1) lib/action_dispatch/middleware/callbacks.rb:28:in `block in call'
  activesupport (3.2.1) lib/active_support/callbacks.rb:405:in `_run__876570101__call__989301071__callbacks'
  activesupport (3.2.1) lib/active_support/callbacks.rb:405:in `__run_callback'
  activesupport (3.2.1) lib/active_support/callbacks.rb:385:in `_run_call_callbacks'
  activesupport (3.2.1) lib/active_support/callbacks.rb:81:in `run_callbacks'
  actionpack (3.2.1) lib/action_dispatch/middleware/callbacks.rb:27:in `call'
  actionpack (3.2.1) lib/action_dispatch/middleware/reloader.rb:65:in `call'
  actionpack (3.2.1) lib/action_dispatch/middleware/remote_ip.rb:31:in `call'
  actionpack (3.2.1) lib/action_dispatch/middleware/debug_exceptions.rb:16:in `call'
  actionpack (3.2.1) lib/action_dispatch/middleware/show_exceptions.rb:56:in `call'
  railties (3.2.1) lib/rails/rack/logger.rb:26:in `call_app'
  railties (3.2.1) lib/rails/rack/logger.rb:16:in `call'
  actionpack (3.2.1) lib/action_dispatch/middleware/request_id.rb:22:in `call'
  rack (1.4.1) lib/rack/methodoverride.rb:21:in `call'
  rack (1.4.1) lib/rack/runtime.rb:17:in `call'
  activesupport (3.2.1) lib/active_support/cache/strategy/local_cache.rb:72:in `call'
  rack (1.4.1) lib/rack/lock.rb:15:in `call'
  actionpack (3.2.1) lib/action_dispatch/middleware/static.rb:53:in `call'
  railties (3.2.1) lib/rails/engine.rb:479:in `call'
  railties (3.2.1) lib/rails/application.rb:220:in `call'
  rack (1.4.1) lib/rack/content_length.rb:14:in `call'
  railties (3.2.1) lib/rails/rack/log_tailer.rb:14:in `call'
  rack (1.4.1) lib/rack/handler/webrick.rb:59:in `service'
  /home/sh4d/.rvm/rubies/ruby-1.9.3-p0/lib/ruby/1.9.1/webrick/httpserver.rb:138:in `service'
  /home/sh4d/.rvm/rubies/ruby-1.9.3-p0/lib/ruby/1.9.1/webrick/httpserver.rb:94:in `run'
  /home/sh4d/.rvm/rubies/ruby-1.9.3-p0/lib/ruby/1.9.1/webrick/server.rb:191:in `block in start_thread'


  Rendered /home/sh4d/.rvm/gems/ruby-1.9.3-p0/gems/actionpack-3.2.1/lib/action_dispatch/middleware/templates/rescues/routing_error.erb within rescues/layout (0.7ms)


Started GET "/students/0108001416/keys" for 127.0.0.1 at 2012-03-11 18:06:43 +0100
Processing by StudentsController#keys as HTML
  Parameters: {"id"=>"0108001416"}
Completed 500 Internal Server Error in 2ms

ActionView::MissingTemplate (Missing template students/keys, application/keys with {:locale=>[:en], :formats=>[:html], :handlers=>[:erb, :builder, :coffee]}. Searched in:
  * "/home/sh4d/Dev/servizi_studenti/app/views"
):
  actionpack (3.2.1) lib/action_view/path_set.rb:58:in `find'
  actionpack (3.2.1) lib/action_view/lookup_context.rb:109:in `find'
  actionpack (3.2.1) lib/action_view/renderer/abstract_renderer.rb:3:in `find_template'
  actionpack (3.2.1) lib/action_view/renderer/template_renderer.rb:28:in `determine_template'
  actionpack (3.2.1) lib/action_view/renderer/template_renderer.rb:10:in `render'
  actionpack (3.2.1) lib/action_view/renderer/renderer.rb:36:in `render_template'
  actionpack (3.2.1) lib/action_view/renderer/renderer.rb:17:in `render'
  actionpack (3.2.1) lib/abstract_controller/rendering.rb:109:in `_render_template'
  actionpack (3.2.1) lib/action_controller/metal/streaming.rb:225:in `_render_template'
  actionpack (3.2.1) lib/abstract_controller/rendering.rb:103:in `render_to_body'
  actionpack (3.2.1) lib/action_controller/metal/renderers.rb:28:in `render_to_body'
  actionpack (3.2.1) lib/action_controller/metal/compatibility.rb:50:in `render_to_body'
  actionpack (3.2.1) lib/abstract_controller/rendering.rb:88:in `render'
  actionpack (3.2.1) lib/action_controller/metal/rendering.rb:16:in `render'
  actionpack (3.2.1) lib/action_controller/metal/instrumentation.rb:40:in `block (2 levels) in render'
  activesupport (3.2.1) lib/active_support/core_ext/benchmark.rb:5:in `block in ms'
  /home/sh4d/.rvm/rubies/ruby-1.9.3-p0/lib/ruby/1.9.1/benchmark.rb:295:in `realtime'
  activesupport (3.2.1) lib/active_support/core_ext/benchmark.rb:5:in `ms'
  actionpack (3.2.1) lib/action_controller/metal/instrumentation.rb:40:in `block in render'
  actionpack (3.2.1) lib/action_controller/metal/instrumentation.rb:83:in `cleanup_view_runtime'
  activerecord (3.2.1) lib/active_record/railties/controller_runtime.rb:24:in `cleanup_view_runtime'
  actionpack (3.2.1) lib/action_controller/metal/instrumentation.rb:39:in `render'
  actionpack (3.2.1) lib/action_controller/metal/implicit_render.rb:10:in `default_render'
  actionpack (3.2.1) lib/action_controller/metal/implicit_render.rb:5:in `send_action'
  actionpack (3.2.1) lib/abstract_controller/base.rb:167:in `process_action'
  actionpack (3.2.1) lib/action_controller/metal/rendering.rb:10:in `process_action'
  actionpack (3.2.1) lib/abstract_controller/callbacks.rb:18:in `block in process_action'
  activesupport (3.2.1) lib/active_support/callbacks.rb:414:in `_run__279756775__process_action__86264024__callbacks'
  activesupport (3.2.1) lib/active_support/callbacks.rb:405:in `__run_callback'
  activesupport (3.2.1) lib/active_support/callbacks.rb:385:in `_run_process_action_callbacks'
  activesupport (3.2.1) lib/active_support/callbacks.rb:81:in `run_callbacks'
  actionpack (3.2.1) lib/abstract_controller/callbacks.rb:17:in `process_action'
  actionpack (3.2.1) lib/action_controller/metal/rescue.rb:29:in `process_action'
  actionpack (3.2.1) lib/action_controller/metal/instrumentation.rb:30:in `block in process_action'
  activesupport (3.2.1) lib/active_support/notifications.rb:123:in `block in instrument'
  activesupport (3.2.1) lib/active_support/notifications/instrumenter.rb:20:in `instrument'
  activesupport (3.2.1) lib/active_support/notifications.rb:123:in `instrument'
  actionpack (3.2.1) lib/action_controller/metal/instrumentation.rb:29:in `process_action'
  actionpack (3.2.1) lib/action_controller/metal/params_wrapper.rb:205:in `process_action'
  activerecord (3.2.1) lib/active_record/railties/controller_runtime.rb:18:in `process_action'
  actionpack (3.2.1) lib/abstract_controller/base.rb:121:in `process'
  actionpack (3.2.1) lib/abstract_controller/rendering.rb:45:in `process'
  actionpack (3.2.1) lib/action_controller/metal.rb:203:in `dispatch'
  actionpack (3.2.1) lib/action_controller/metal/rack_delegation.rb:14:in `dispatch'
  actionpack (3.2.1) lib/action_controller/metal.rb:246:in `block in action'
  actionpack (3.2.1) lib/action_dispatch/routing/route_set.rb:66:in `call'
  actionpack (3.2.1) lib/action_dispatch/routing/route_set.rb:66:in `dispatch'
  actionpack (3.2.1) lib/action_dispatch/routing/route_set.rb:30:in `call'
  journey (1.0.3) lib/journey/router.rb:68:in `block in call'
  journey (1.0.3) lib/journey/router.rb:56:in `each'
  journey (1.0.3) lib/journey/router.rb:56:in `call'
  actionpack (3.2.1) lib/action_dispatch/routing/route_set.rb:589:in `call'
  actionpack (3.2.1) lib/action_dispatch/middleware/best_standards_support.rb:17:in `call'
  rack (1.4.1) lib/rack/etag.rb:23:in `call'
  rack (1.4.1) lib/rack/conditionalget.rb:25:in `call'
  actionpack (3.2.1) lib/action_dispatch/middleware/head.rb:14:in `call'
  actionpack (3.2.1) lib/action_dispatch/middleware/params_parser.rb:21:in `call'
  actionpack (3.2.1) lib/action_dispatch/middleware/flash.rb:242:in `call'
  rack (1.4.1) lib/rack/session/abstract/id.rb:205:in `context'
  rack (1.4.1) lib/rack/session/abstract/id.rb:200:in `call'
  actionpack (3.2.1) lib/action_dispatch/middleware/cookies.rb:338:in `call'
  activerecord (3.2.1) lib/active_record/query_cache.rb:64:in `call'
  activerecord (3.2.1) lib/active_record/connection_adapters/abstract/connection_pool.rb:443:in `call'
  actionpack (3.2.1) lib/action_dispatch/middleware/callbacks.rb:28:in `block in call'
  activesupport (3.2.1) lib/active_support/callbacks.rb:405:in `_run__876570101__call__989301071__callbacks'
  activesupport (3.2.1) lib/active_support/callbacks.rb:405:in `__run_callback'
  activesupport (3.2.1) lib/active_support/callbacks.rb:385:in `_run_call_callbacks'
  activesupport (3.2.1) lib/active_support/callbacks.rb:81:in `run_callbacks'
  actionpack (3.2.1) lib/action_dispatch/middleware/callbacks.rb:27:in `call'
  actionpack (3.2.1) lib/action_dispatch/middleware/reloader.rb:65:in `call'
  actionpack (3.2.1) lib/action_dispatch/middleware/remote_ip.rb:31:in `call'
  actionpack (3.2.1) lib/action_dispatch/middleware/debug_exceptions.rb:16:in `call'
  actionpack (3.2.1) lib/action_dispatch/middleware/show_exceptions.rb:56:in `call'
  railties (3.2.1) lib/rails/rack/logger.rb:26:in `call_app'
  railties (3.2.1) lib/rails/rack/logger.rb:16:in `call'
  actionpack (3.2.1) lib/action_dispatch/middleware/request_id.rb:22:in `call'
  rack (1.4.1) lib/rack/methodoverride.rb:21:in `call'
  rack (1.4.1) lib/rack/runtime.rb:17:in `call'
  activesupport (3.2.1) lib/active_support/cache/strategy/local_cache.rb:72:in `call'
  rack (1.4.1) lib/rack/lock.rb:15:in `call'
  actionpack (3.2.1) lib/action_dispatch/middleware/static.rb:53:in `call'
  railties (3.2.1) lib/rails/engine.rb:479:in `call'
  railties (3.2.1) lib/rails/application.rb:220:in `call'
  rack (1.4.1) lib/rack/content_length.rb:14:in `call'
  railties (3.2.1) lib/rails/rack/log_tailer.rb:14:in `call'
  rack (1.4.1) lib/rack/handler/webrick.rb:59:in `service'
  /home/sh4d/.rvm/rubies/ruby-1.9.3-p0/lib/ruby/1.9.1/webrick/httpserver.rb:138:in `service'
  /home/sh4d/.rvm/rubies/ruby-1.9.3-p0/lib/ruby/1.9.1/webrick/httpserver.rb:94:in `run'
  /home/sh4d/.rvm/rubies/ruby-1.9.3-p0/lib/ruby/1.9.1/webrick/server.rb:191:in `block in start_thread'


  Rendered /home/sh4d/.rvm/gems/ruby-1.9.3-p0/gems/actionpack-3.2.1/lib/action_dispatch/middleware/templates/rescues/missing_template.erb within rescues/layout (1.0ms)


Started GET "/students/keys?username=0108001416&password=[FILTERED]" for 127.0.0.1 at 2012-03-11 18:08:26 +0100
Processing by StudentsController#show as */*
  Parameters: {"username"=>"0108001416", "password"=>"[FILTERED]", "id"=>"keys"}
  [1m[36mStudent Load (0.2ms)[0m  [1mSELECT `students`.* FROM `students` WHERE `students`.`id` = 0 LIMIT 1[0m
Completed 500 Internal Server Error in 3ms

ActiveRecord::RecordNotFound (Couldn't find Student with id=keys):
  app/controllers/students_controller.rb:5:in `show'


  Rendered /home/sh4d/.rvm/gems/ruby-1.9.3-p0/gems/actionpack-3.2.1/lib/action_dispatch/middleware/templates/rescues/_trace.erb (3.9ms)
  Rendered /home/sh4d/.rvm/gems/ruby-1.9.3-p0/gems/actionpack-3.2.1/lib/action_dispatch/middleware/templates/rescues/_request_and_response.erb (1.1ms)
  Rendered /home/sh4d/.rvm/gems/ruby-1.9.3-p0/gems/actionpack-3.2.1/lib/action_dispatch/middleware/templates/rescues/diagnostics.erb within rescues/layout (7.9ms)


Started GET "/students/0108001416/keys" for 127.0.0.1 at 2012-03-11 18:08:52 +0100
Processing by StudentsController#keys as HTML
  Parameters: {"id"=>"0108001416"}
Completed 406 Not Acceptable in 1ms (ActiveRecord: 0.0ms)


Started GET "/students/0108001416/keys" for 127.0.0.1 at 2012-03-11 18:08:54 +0100
Processing by StudentsController#keys as HTML
  Parameters: {"id"=>"0108001416"}
Completed 406 Not Acceptable in 0ms (ActiveRecord: 0.0ms)


Started GET "/students/keys?username=0108001416&password=[FILTERED]" for 127.0.0.1 at 2012-03-11 18:13:41 +0100
Processing by StudentsController#show as JSON
  Parameters: {"username"=>"0108001416", "password"=>"[FILTERED]", "id"=>"keys"}
  [1m[35mStudent Load (0.3ms)[0m  SELECT `students`.* FROM `students` WHERE `students`.`id` = 0 LIMIT 1
Completed 500 Internal Server Error in 2ms

ActiveRecord::RecordNotFound (Couldn't find Student with id=keys):
  app/controllers/students_controller.rb:5:in `show'


  Rendered /home/sh4d/.rvm/gems/ruby-1.9.3-p0/gems/actionpack-3.2.1/lib/action_dispatch/middleware/templates/rescues/_trace.erb (3.9ms)
  Rendered /home/sh4d/.rvm/gems/ruby-1.9.3-p0/gems/actionpack-3.2.1/lib/action_dispatch/middleware/templates/rescues/_request_and_response.erb (1.2ms)
  Rendered /home/sh4d/.rvm/gems/ruby-1.9.3-p0/gems/actionpack-3.2.1/lib/action_dispatch/middleware/templates/rescues/diagnostics.erb within rescues/layout (7.7ms)


Started GET "/students/keys?username=0108001416&password=[FILTERED]" for 127.0.0.1 at 2012-03-11 18:14:30 +0100
Processing by StudentsController#show as */*
  Parameters: {"username"=>"0108001416", "password"=>"[FILTERED]", "id"=>"keys", "student"=>{"id"=>"keys"}}
  [1m[36mStudent Load (0.2ms)[0m  [1mSELECT `students`.* FROM `students` WHERE `students`.`id` = 0 LIMIT 1[0m
Completed 500 Internal Server Error in 1ms

ActiveRecord::RecordNotFound (Couldn't find Student with id=keys):
  app/controllers/students_controller.rb:5:in `show'


  Rendered /home/sh4d/.rvm/gems/ruby-1.9.3-p0/gems/actionpack-3.2.1/lib/action_dispatch/middleware/templates/rescues/_trace.erb (5.2ms)
  Rendered /home/sh4d/.rvm/gems/ruby-1.9.3-p0/gems/actionpack-3.2.1/lib/action_dispatch/middleware/templates/rescues/_request_and_response.erb (1.4ms)
  Rendered /home/sh4d/.rvm/gems/ruby-1.9.3-p0/gems/actionpack-3.2.1/lib/action_dispatch/middleware/templates/rescues/diagnostics.erb within rescues/layout (10.6ms)


Started GET "/students/0108001416/keys?password=[FILTERED]" for 127.0.0.1 at 2012-03-11 18:16:29 +0100
Processing by StudentsController#keys as */*
  Parameters: {"password"=>"[FILTERED]", "id"=>"0108001416", "student"=>{"id"=>"0108001416"}}
Completed 200 OK in 1ms (Views: 0.2ms | ActiveRecord: 0.0ms)


Started GET "/students/0108001416/keys?password=[FILTERED]" for 127.0.0.1 at 2012-03-11 18:21:19 +0100
Processing by StudentsController#keys as */*
  Parameters: {"password"=>"[FILTERED]", "id"=>"0108001416", "student"=>{"id"=>"0108001416"}}
Completed 200 OK in 1ms (Views: 0.1ms | ActiveRecord: 0.0ms)


Started GET "/students/0108001416/keys?password=[FILTERED]" for 127.0.0.1 at 2012-03-11 18:22:06 +0100
Processing by StudentsController#keys as */*
  Parameters: {"password"=>"[FILTERED]", "id"=>"0108001416", "student"=>{"id"=>"0108001416"}}
Completed 200 OK in 0ms (Views: 0.1ms | ActiveRecord: 0.0ms)


Started GET "/students/0108001416/keys?password=[FILTERED]" for 127.0.0.1 at 2012-03-11 18:22:38 +0100
Processing by StudentsController#keys as */*
  Parameters: {"password"=>"[FILTERED]", "id"=>"0108001416", "student"=>{"id"=>"0108001416"}}
Completed 200 OK in 1ms (Views: 0.1ms | ActiveRecord: 0.0ms)


Started GET "/students/0108001416/keys?password=[FILTERED]" for 127.0.0.1 at 2012-03-11 18:23:27 +0100
Processing by StudentsController#keys as */*
  Parameters: {"password"=>"[FILTERED]", "id"=>"0108001416", "student"=>{"id"=>"0108001416"}}
Completed 200 OK in 0ms (Views: 0.1ms | ActiveRecord: 0.0ms)


Started GET "/students/0108001416/keys?password=[FILTERED]" for 127.0.0.1 at 2012-03-11 18:25:39 +0100
Processing by StudentsController#keys as */*
  Parameters: {"password"=>"[FILTERED]", "id"=>"0108001416", "student"=>{"id"=>"0108001416"}}
Completed 200 OK in 0ms (Views: 0.1ms | ActiveRecord: 0.0ms)


Started GET "/students/0108001416/keys?password=[FILTERED]" for 127.0.0.1 at 2012-03-11 18:27:33 +0100
Processing by StudentsController#keys as */*
  Parameters: {"password"=>"[FILTERED]", "id"=>"0108001416", "student"=>{"id"=>"0108001416"}}
Completed 200 OK in 0ms (Views: 0.1ms | ActiveRecord: 0.0ms)


Started GET "/students/0108001416/keys?password=[FILTERED]" for 127.0.0.1 at 2012-03-11 18:28:21 +0100
Processing by StudentsController#keys as */*
  Parameters: {"password"=>"[FILTERED]", "id"=>"0108001416", "student"=>{"id"=>"0108001416"}}
Completed 200 OK in 0ms (Views: 0.1ms | ActiveRecord: 0.0ms)


Started GET "/students/0108001416/keys?password=[FILTERED]" for 127.0.0.1 at 2012-03-11 18:30:02 +0100
Processing by StudentsController#keys as */*
  Parameters: {"password"=>"[FILTERED]", "id"=>"0108001416", "student"=>{"id"=>"0108001416"}}
Completed 200 OK in 0ms (Views: 0.1ms | ActiveRecord: 0.0ms)


Started GET "/students/0108001416/keys?password=[FILTERED]" for 127.0.0.1 at 2012-03-11 18:32:41 +0100
Processing by StudentsController#keys as */*
  Parameters: {"password"=>"[FILTERED]", "id"=>"0108001416", "student"=>{"id"=>"0108001416"}}
Completed 200 OK in 0ms (Views: 0.1ms | ActiveRecord: 0.0ms)


Started GET "/students/0108001416/keys?password=[FILTERED]" for 127.0.0.1 at 2012-03-11 18:33:57 +0100
Processing by StudentsController#keys as */*
  Parameters: {"password"=>"[FILTERED]", "id"=>"0108001416", "student"=>{"id"=>"0108001416"}}
Completed 200 OK in 0ms (Views: 0.1ms | ActiveRecord: 0.0ms)


Started GET "/students/0108001416/keys?password=[FILTERED]" for 127.0.0.1 at 2012-03-11 18:34:33 +0100
Processing by StudentsController#keys as */*
  Parameters: {"password"=>"[FILTERED]", "id"=>"0108001416", "student"=>{"id"=>"0108001416"}}
Completed 200 OK in 0ms (Views: 0.1ms | ActiveRecord: 0.0ms)


Started GET "/students/0108001416/keys?password=[FILTERED]" for 127.0.0.1 at 2012-03-11 18:36:37 +0100
Processing by StudentsController#keys as */*
  Parameters: {"password"=>"[FILTERED]", "id"=>"0108001416", "student"=>{"id"=>"0108001416"}}
Completed 200 OK in 0ms (Views: 0.1ms | ActiveRecord: 0.0ms)


Started GET "/students/0108001416/keys?password=[FILTERED]" for 127.0.0.1 at 2012-03-11 18:43:48 +0100
Processing by StudentsController#keys as */*
  Parameters: {"password"=>"[FILTERED]", "id"=>"0108001416", "student"=>{"id"=>"0108001416"}}
Completed 200 OK in 0ms (Views: 0.1ms | ActiveRecord: 0.0ms)


Started GET "/students/0108001416/keys?password=[FILTERED]" for 127.0.0.1 at 2012-03-11 18:44:21 +0100
Processing by StudentsController#keys as */*
  Parameters: {"password"=>"[FILTERED]", "id"=>"0108001416", "student"=>{"id"=>"0108001416"}}
Completed 200 OK in 0ms (Views: 0.1ms | ActiveRecord: 0.0ms)


Started GET "/students/0108001416/keys?password=[FILTERED]" for 127.0.0.1 at 2012-03-11 20:30:51 +0100
Processing by StudentsController#keys as */*
  Parameters: {"password"=>"[FILTERED]", "id"=>"0108001416", "student"=>{"id"=>"0108001416"}}
Completed 200 OK in 1ms (Views: 0.2ms | ActiveRecord: 0.0ms)


Started GET "/students/0108001416/keys?password=[FILTERED]" for 127.0.0.1 at 2012-03-11 20:32:32 +0100
Processing by StudentsController#keys as */*
  Parameters: {"password"=>"[FILTERED]", "id"=>"0108001416", "student"=>{"id"=>"0108001416"}}
Completed 200 OK in 0ms (Views: 0.1ms | ActiveRecord: 0.0ms)
  [1m[36m (113.8ms)[0m  [1mSELECT `schema_migrations`.`version` FROM `schema_migrations` [0m
Migrating to CreateStudents (20120311141015)
Migrating to CreateKeys (20120312102858)
  [1m[35m (359.5ms)[0m  CREATE TABLE `keys` (`id` int(11) DEFAULT NULL auto_increment PRIMARY KEY, `P_1XXD` varchar(255), `P_2XXI` varchar(255), `P_3XXC` varchar(255), `created_at` datetime NOT NULL, `updated_at` datetime NOT NULL) ENGINE=InnoDB
  [1m[36m (92.6ms)[0m  [1mINSERT INTO `schema_migrations` (`version`) VALUES ('20120312102858')[0m
  [1m[35m (0.4ms)[0m  SELECT `schema_migrations`.`version` FROM `schema_migrations` 
  [1m[36m (0.2ms)[0m  [1mSELECT `schema_migrations`.`version` FROM `schema_migrations` [0m
  [1m[35m (198.6ms)[0m  DROP DATABASE IF EXISTS `servizi_studenti_test`
  [1m[36m (15.1ms)[0m  [1mCREATE DATABASE `servizi_studenti_test` DEFAULT CHARACTER SET `utf8` COLLATE `utf8_unicode_ci`[0m
  [1m[35m (160.8ms)[0m  CREATE TABLE `keys` (`id` int(11) DEFAULT NULL auto_increment PRIMARY KEY, `P_1XXD` varchar(255), `P_2XXI` varchar(255), `P_3XXC` varchar(255), `created_at` datetime NOT NULL, `updated_at` datetime NOT NULL) ENGINE=InnoDB
  [1m[36m (109.5ms)[0m  [1mCREATE TABLE `students` (`id` int(11) DEFAULT NULL auto_increment PRIMARY KEY, `surname` varchar(255), `name` varchar(255), `gender` varchar(255), `date_of_birth` date, `place_of_birth` varchar(255), `citizenship` varchar(255), `tax_code` varchar(255), `created_at` datetime NOT NULL, `updated_at` datetime NOT NULL) ENGINE=InnoDB[0m
  [1m[35m (99.7ms)[0m  CREATE TABLE `schema_migrations` (`version` varchar(255) NOT NULL) ENGINE=InnoDB
  [1m[36m (246.4ms)[0m  [1mCREATE UNIQUE INDEX `unique_schema_migrations` ON `schema_migrations` (`version`)[0m
  [1m[35m (0.3ms)[0m  SELECT version FROM `schema_migrations`
  [1m[36m (53.7ms)[0m  [1mINSERT INTO `schema_migrations` (version) VALUES ('20120312102858')[0m
  [1m[35m (55.5ms)[0m  INSERT INTO `schema_migrations` (version) VALUES ('20120311141015')
  [1m[36m (157.2ms)[0m  [1mSELECT `schema_migrations`.`version` FROM `schema_migrations` [0m
Migrating to CreateStudents (20120311141015)
Migrating to CreateKeys (20120312102858)
Migrating to CreateTeachings (20120316135742)
  [1m[36m (0.2ms)[0m  [1mSELECT `schema_migrations`.`version` FROM `schema_migrations` [0m
Migrating to CreateStudents (20120311141015)
Migrating to CreateKeys (20120312102858)
Migrating to CreateTeachings (20120316135742)
  [1m[35m (224.4ms)[0m  CREATE TABLE `teachings` (`id` int(11) DEFAULT NULL auto_increment PRIMARY KEY, `program_year` int(11), `name` varchar(255), `outcome` varchar(255), `cfu` int(11), `taf` varchar(255), `ssd` varchar(255), `created_at` datetime NOT NULL, `updated_at` datetime NOT NULL) ENGINE=InnoDB
  [1m[36m (42.5ms)[0m  [1mINSERT INTO `schema_migrations` (`version`) VALUES ('20120316135742')[0m
Migrating to CreateStudyPlans (20120316135918)
  [1m[35m (230.1ms)[0m  CREATE TABLE `study_plans` (`id` int(11) DEFAULT NULL auto_increment PRIMARY KEY, `teachings_id` int(11), `created_at` datetime NOT NULL, `updated_at` datetime NOT NULL) ENGINE=InnoDB
  [1m[36m (317.0ms)[0m  [1mCREATE INDEX `index_study_plans_on_teachings_id` ON `study_plans` (`teachings_id`)[0m
  [1m[35m (43.5ms)[0m  INSERT INTO `schema_migrations` (`version`) VALUES ('20120316135918')
  [1m[36m (0.3ms)[0m  [1mSELECT `schema_migrations`.`version` FROM `schema_migrations` [0m
  [1m[36m (0.2ms)[0m  [1mSELECT `schema_migrations`.`version` FROM `schema_migrations` [0m
  [1m[35m (224.7ms)[0m  DROP DATABASE IF EXISTS `servizi_studenti_test`
  [1m[36m (0.3ms)[0m  [1mCREATE DATABASE `servizi_studenti_test` DEFAULT CHARACTER SET `utf8` COLLATE `utf8_unicode_ci`[0m
  [1m[35m (116.2ms)[0m  CREATE TABLE `keys` (`id` int(11) DEFAULT NULL auto_increment PRIMARY KEY, `P_1XXD` varchar(255), `P_2XXI` varchar(255), `P_3XXC` varchar(255), `created_at` datetime NOT NULL, `updated_at` datetime NOT NULL) ENGINE=InnoDB
  [1m[36m (109.1ms)[0m  [1mCREATE TABLE `students` (`id` int(11) DEFAULT NULL auto_increment PRIMARY KEY, `surname` varchar(255), `name` varchar(255), `gender` varchar(255), `date_of_birth` date, `place_of_birth` varchar(255), `citizenship` varchar(255), `tax_code` varchar(255), `created_at` datetime NOT NULL, `updated_at` datetime NOT NULL) ENGINE=InnoDB[0m
  [1m[35m (110.1ms)[0m  CREATE TABLE `study_plans` (`id` int(11) DEFAULT NULL auto_increment PRIMARY KEY, `teachings_id` int(11), `created_at` datetime NOT NULL, `updated_at` datetime NOT NULL) ENGINE=InnoDB
  [1m[36m (234.8ms)[0m  [1mCREATE INDEX `index_study_plans_on_teachings_id` ON `study_plans` (`teachings_id`)[0m
  [1m[35m (109.2ms)[0m  CREATE TABLE `teachings` (`id` int(11) DEFAULT NULL auto_increment PRIMARY KEY, `program_year` int(11), `name` varchar(255), `outcome` varchar(255), `cfu` int(11), `taf` varchar(255), `ssd` varchar(255), `created_at` datetime NOT NULL, `updated_at` datetime NOT NULL) ENGINE=InnoDB
  [1m[36m (111.0ms)[0m  [1mCREATE TABLE `schema_migrations` (`version` varchar(255) NOT NULL) ENGINE=InnoDB[0m
  [1m[35m (247.9ms)[0m  CREATE UNIQUE INDEX `unique_schema_migrations` ON `schema_migrations` (`version`)
  [1m[36m (0.3ms)[0m  [1mSELECT version FROM `schema_migrations`[0m
  [1m[35m (53.9ms)[0m  INSERT INTO `schema_migrations` (version) VALUES ('20120316135918')
  [1m[36m (55.5ms)[0m  [1mINSERT INTO `schema_migrations` (version) VALUES ('20120312102858')[0m
  [1m[35m (55.6ms)[0m  INSERT INTO `schema_migrations` (version) VALUES ('20120316135742')
  [1m[36m (55.6ms)[0m  [1mINSERT INTO `schema_migrations` (version) VALUES ('20120311141015')[0m
  [1m[36m (0.2ms)[0m  [1mSELECT `schema_migrations`.`version` FROM `schema_migrations` [0m
Migrating to CreateStudents (20120311141015)
Migrating to CreateKeys (20120312102858)
Migrating to CreateTeachings (20120316135742)
Migrating to CreateStudyPlans (20120316135918)
Migrating to RemoveTeachingsFromStudyPlan (20120316151528)
  [1m[35m (0.4ms)[0m  ALTER TABLE `study_plans` DROP `teachings`
Mysql2::Error: Can't DROP 'teachings'; check that column/key exists: ALTER TABLE `study_plans` DROP `teachings`
  [1m[36m (0.2ms)[0m  [1mSELECT `schema_migrations`.`version` FROM `schema_migrations` [0m
Migrating to CreateStudents (20120311141015)
Migrating to CreateKeys (20120312102858)
Migrating to CreateTeachings (20120316135742)
Migrating to CreateStudyPlans (20120316135918)
Migrating to RemoveTeachingsFromStudyPlan (20120316151528)
  [1m[35m (358.3ms)[0m  ALTER TABLE `study_plans` DROP `teachings_id`
  [1m[36m (43.4ms)[0m  [1mINSERT INTO `schema_migrations` (`version`) VALUES ('20120316151528')[0m
  [1m[35m (0.4ms)[0m  SELECT `schema_migrations`.`version` FROM `schema_migrations` 
  [1m[36m (0.2ms)[0m  [1mSELECT `schema_migrations`.`version` FROM `schema_migrations` [0m
  [1m[35m (310.3ms)[0m  DROP DATABASE IF EXISTS `servizi_studenti_test`
  [1m[36m (0.3ms)[0m  [1mCREATE DATABASE `servizi_studenti_test` DEFAULT CHARACTER SET `utf8` COLLATE `utf8_unicode_ci`[0m
  [1m[35m (115.4ms)[0m  CREATE TABLE `keys` (`id` int(11) DEFAULT NULL auto_increment PRIMARY KEY, `P_1XXD` varchar(255), `P_2XXI` varchar(255), `P_3XXC` varchar(255), `created_at` datetime NOT NULL, `updated_at` datetime NOT NULL) ENGINE=InnoDB
  [1m[36m (111.0ms)[0m  [1mCREATE TABLE `students` (`id` int(11) DEFAULT NULL auto_increment PRIMARY KEY, `surname` varchar(255), `name` varchar(255), `gender` varchar(255), `date_of_birth` date, `place_of_birth` varchar(255), `citizenship` varchar(255), `tax_code` varchar(255), `created_at` datetime NOT NULL, `updated_at` datetime NOT NULL) ENGINE=InnoDB[0m
  [1m[35m (132.0ms)[0m  CREATE TABLE `study_plans` (`id` int(11) DEFAULT NULL auto_increment PRIMARY KEY, `created_at` datetime NOT NULL, `updated_at` datetime NOT NULL) ENGINE=InnoDB
  [1m[36m (120.7ms)[0m  [1mCREATE TABLE `teachings` (`id` int(11) DEFAULT NULL auto_increment PRIMARY KEY, `program_year` int(11), `name` varchar(255), `outcome` varchar(255), `cfu` int(11), `taf` varchar(255), `ssd` varchar(255), `created_at` datetime NOT NULL, `updated_at` datetime NOT NULL) ENGINE=InnoDB[0m
  [1m[35m (110.0ms)[0m  CREATE TABLE `schema_migrations` (`version` varchar(255) NOT NULL) ENGINE=InnoDB
  [1m[36m (245.7ms)[0m  [1mCREATE UNIQUE INDEX `unique_schema_migrations` ON `schema_migrations` (`version`)[0m
  [1m[35m (0.7ms)[0m  SELECT version FROM `schema_migrations`
  [1m[36m (63.8ms)[0m  [1mINSERT INTO `schema_migrations` (version) VALUES ('20120316151528')[0m
  [1m[35m (66.5ms)[0m  INSERT INTO `schema_migrations` (version) VALUES ('20120312102858')
  [1m[36m (66.6ms)[0m  [1mINSERT INTO `schema_migrations` (version) VALUES ('20120316135918')[0m
  [1m[35m (66.6ms)[0m  INSERT INTO `schema_migrations` (version) VALUES ('20120316135742')
  [1m[36m (55.5ms)[0m  [1mINSERT INTO `schema_migrations` (version) VALUES ('20120311141015')[0m
  [1m[36m (0.5ms)[0m  [1mSELECT `schema_migrations`.`version` FROM `schema_migrations` [0m
Migrating to CreateStudents (20120311141015)
Migrating to CreateKeys (20120312102858)
Migrating to CreateTeachings (20120316135742)
Migrating to CreateStudyPlans (20120316135918)
Migrating to RemoveTeachingsFromStudyPlan (20120316151528)
Migrating to CreateExams (20120317122933)
  [1m[35m (127.7ms)[0m  CREATE TABLE `exams` (`id` int(11) DEFAULT NULL auto_increment PRIMARY KEY, `teaching` varchar(255), `date` date, `code` varchar(255), `outcome` varchar(255), `created_at` datetime NOT NULL, `updated_at` datetime NOT NULL) ENGINE=InnoDB
  [1m[36m (56.8ms)[0m  [1mINSERT INTO `schema_migrations` (`version`) VALUES ('20120317122933')[0m
  [1m[35m (0.3ms)[0m  SELECT `schema_migrations`.`version` FROM `schema_migrations` 
  [1m[36m (0.2ms)[0m  [1mSELECT `schema_migrations`.`version` FROM `schema_migrations` [0m
  [1m[35m (240.4ms)[0m  DROP DATABASE IF EXISTS `servizi_studenti_test`
  [1m[36m (0.4ms)[0m  [1mCREATE DATABASE `servizi_studenti_test` DEFAULT CHARACTER SET `utf8` COLLATE `utf8_unicode_ci`[0m
  [1m[35m (117.9ms)[0m  CREATE TABLE `exams` (`id` int(11) DEFAULT NULL auto_increment PRIMARY KEY, `teaching` varchar(255), `date` date, `code` varchar(255), `outcome` varchar(255), `created_at` datetime NOT NULL, `updated_at` datetime NOT NULL) ENGINE=InnoDB
  [1m[36m (98.6ms)[0m  [1mCREATE TABLE `keys` (`id` int(11) DEFAULT NULL auto_increment PRIMARY KEY, `P_1XXD` varchar(255), `P_2XXI` varchar(255), `P_3XXC` varchar(255), `created_at` datetime NOT NULL, `updated_at` datetime NOT NULL) ENGINE=InnoDB[0m
  [1m[35m (109.8ms)[0m  CREATE TABLE `students` (`id` int(11) DEFAULT NULL auto_increment PRIMARY KEY, `surname` varchar(255), `name` varchar(255), `gender` varchar(255), `date_of_birth` date, `place_of_birth` varchar(255), `citizenship` varchar(255), `tax_code` varchar(255), `created_at` datetime NOT NULL, `updated_at` datetime NOT NULL) ENGINE=InnoDB
  [1m[36m (98.4ms)[0m  [1mCREATE TABLE `study_plans` (`id` int(11) DEFAULT NULL auto_increment PRIMARY KEY, `created_at` datetime NOT NULL, `updated_at` datetime NOT NULL) ENGINE=InnoDB[0m
  [1m[35m (98.6ms)[0m  CREATE TABLE `teachings` (`id` int(11) DEFAULT NULL auto_increment PRIMARY KEY, `program_year` int(11), `name` varchar(255), `outcome` varchar(255), `cfu` int(11), `taf` varchar(255), `ssd` varchar(255), `created_at` datetime NOT NULL, `updated_at` datetime NOT NULL) ENGINE=InnoDB
  [1m[36m (99.2ms)[0m  [1mCREATE TABLE `schema_migrations` (`version` varchar(255) NOT NULL) ENGINE=InnoDB[0m
  [1m[35m (225.6ms)[0m  CREATE UNIQUE INDEX `unique_schema_migrations` ON `schema_migrations` (`version`)
  [1m[36m (0.4ms)[0m  [1mSELECT version FROM `schema_migrations`[0m
  [1m[35m (42.2ms)[0m  INSERT INTO `schema_migrations` (version) VALUES ('20120317122933')
  [1m[36m (44.5ms)[0m  [1mINSERT INTO `schema_migrations` (version) VALUES ('20120312102858')[0m
  [1m[35m (44.2ms)[0m  INSERT INTO `schema_migrations` (version) VALUES ('20120316135918')
  [1m[36m (44.5ms)[0m  [1mINSERT INTO `schema_migrations` (version) VALUES ('20120316135742')[0m
  [1m[35m (44.4ms)[0m  INSERT INTO `schema_migrations` (version) VALUES ('20120316151528')
  [1m[36m (44.4ms)[0m  [1mINSERT INTO `schema_migrations` (version) VALUES ('20120311141015')[0m
  [1m[36m (0.2ms)[0m  [1mSELECT `schema_migrations`.`version` FROM `schema_migrations` [0m
  [1m[35m (0.3ms)[0m  SELECT `schema_migrations`.`version` FROM `schema_migrations` 
  [1m[36m (0.1ms)[0m  [1mSELECT `schema_migrations`.`version` FROM `schema_migrations` [0m
Migrating to CreateStudents (20120311141015)
Migrating to CreateKeys (20120312102858)
Migrating to CreateTeachings (20120316135742)
Migrating to CreateStudyPlans (20120316135918)
Migrating to RemoveTeachingsFromStudyPlan (20120316151528)
Migrating to CreateExams (20120317131326)
  [1m[35m (0.5ms)[0m  CREATE TABLE `exams` (`id` int(11) DEFAULT NULL auto_increment PRIMARY KEY, `name` varchar(255), `date` date, `code` varchar(255), `outcome` varchar(255), `created_at` datetime NOT NULL, `updated_at` datetime NOT NULL) ENGINE=InnoDB
Mysql2::Error: Table 'exams' already exists: CREATE TABLE `exams` (`id` int(11) DEFAULT NULL auto_increment PRIMARY KEY, `name` varchar(255), `date` date, `code` varchar(255), `outcome` varchar(255), `created_at` datetime NOT NULL, `updated_at` datetime NOT NULL) ENGINE=InnoDB
  [1m[36m (0.2ms)[0m  [1mSELECT `schema_migrations`.`version` FROM `schema_migrations` [0m
  [1m[35m (0.2ms)[0m  SELECT `schema_migrations`.`version` FROM `schema_migrations` 
  [1m[36m (0.2ms)[0m  [1mSELECT `schema_migrations`.`version` FROM `schema_migrations` [0m
Migrating to CreateStudents (20120311141015)
Migrating to CreateKeys (20120312102858)
Migrating to CreateTeachings (20120316135742)
Migrating to CreateStudyPlans (20120316135918)
Migrating to RemoveTeachingsFromStudyPlan (20120316151528)
Migrating to CreateExams (20120317133410)
  [1m[35m (188.8ms)[0m  CREATE TABLE `exams` (`id` int(11) DEFAULT NULL auto_increment PRIMARY KEY, `name` varchar(255), `date` date, `code` varchar(255), `outcome` varchar(255), `created_at` datetime NOT NULL, `updated_at` datetime NOT NULL) ENGINE=InnoDB
  [1m[36m (54.7ms)[0m  [1mINSERT INTO `schema_migrations` (`version`) VALUES ('20120317133410')[0m
  [1m[35m (0.2ms)[0m  SELECT `schema_migrations`.`version` FROM `schema_migrations` 
  [1m[36m (0.2ms)[0m  [1mSELECT `schema_migrations`.`version` FROM `schema_migrations` [0m
  [1m[35m (327.4ms)[0m  DROP DATABASE IF EXISTS `servizi_studenti_test`
  [1m[36m (0.3ms)[0m  [1mCREATE DATABASE `servizi_studenti_test` DEFAULT CHARACTER SET `utf8` COLLATE `utf8_unicode_ci`[0m
  [1m[35m (126.6ms)[0m  CREATE TABLE `exams` (`id` int(11) DEFAULT NULL auto_increment PRIMARY KEY, `name` varchar(255), `date` date, `code` varchar(255), `outcome` varchar(255), `created_at` datetime NOT NULL, `updated_at` datetime NOT NULL) ENGINE=InnoDB
  [1m[36m (101.0ms)[0m  [1mCREATE TABLE `keys` (`id` int(11) DEFAULT NULL auto_increment PRIMARY KEY, `P_1XXD` varchar(255), `P_2XXI` varchar(255), `P_3XXC` varchar(255), `created_at` datetime NOT NULL, `updated_at` datetime NOT NULL) ENGINE=InnoDB[0m
  [1m[35m (98.1ms)[0m  CREATE TABLE `students` (`id` int(11) DEFAULT NULL auto_increment PRIMARY KEY, `surname` varchar(255), `name` varchar(255), `gender` varchar(255), `date_of_birth` date, `place_of_birth` varchar(255), `citizenship` varchar(255), `tax_code` varchar(255), `created_at` datetime NOT NULL, `updated_at` datetime NOT NULL) ENGINE=InnoDB
  [1m[36m (577.1ms)[0m  [1mCREATE TABLE `study_plans` (`id` int(11) DEFAULT NULL auto_increment PRIMARY KEY, `created_at` datetime NOT NULL, `updated_at` datetime NOT NULL) ENGINE=InnoDB[0m
  [1m[35m (98.5ms)[0m  CREATE TABLE `teachings` (`id` int(11) DEFAULT NULL auto_increment PRIMARY KEY, `program_year` int(11), `name` varchar(255), `outcome` varchar(255), `cfu` int(11), `taf` varchar(255), `ssd` varchar(255), `created_at` datetime NOT NULL, `updated_at` datetime NOT NULL) ENGINE=InnoDB
  [1m[36m (99.7ms)[0m  [1mCREATE TABLE `schema_migrations` (`version` varchar(255) NOT NULL) ENGINE=InnoDB[0m
  [1m[35m (225.3ms)[0m  CREATE UNIQUE INDEX `unique_schema_migrations` ON `schema_migrations` (`version`)
  [1m[36m (0.3ms)[0m  [1mSELECT version FROM `schema_migrations`[0m
  [1m[35m (42.6ms)[0m  INSERT INTO `schema_migrations` (version) VALUES ('20120317133410')
  [1m[36m (44.4ms)[0m  [1mINSERT INTO `schema_migrations` (version) VALUES ('20120312102858')[0m
  [1m[35m (44.6ms)[0m  INSERT INTO `schema_migrations` (version) VALUES ('20120316135918')
  [1m[36m (44.1ms)[0m  [1mINSERT INTO `schema_migrations` (version) VALUES ('20120316135742')[0m
  [1m[35m (44.4ms)[0m  INSERT INTO `schema_migrations` (version) VALUES ('20120316151528')
  [1m[36m (44.3ms)[0m  [1mINSERT INTO `schema_migrations` (version) VALUES ('20120311141015')[0m
  [1m[36m (55.4ms)[0m  [1mSELECT `schema_migrations`.`version` FROM `schema_migrations` [0m
Migrating to CreateStudents (20120311141015)
Migrating to CreateKeys (20120312102858)
Migrating to CreateTeachings (20120316135742)
Migrating to CreateStudyPlans (20120316135918)
Migrating to RemoveTeachingsFromStudyPlan (20120316151528)
Migrating to CreateExams (20120317133410)
Migrating to CreateIsees (20120318233947)
  [1m[35m (303.7ms)[0m  CREATE TABLE `isees` (`id` int(11) DEFAULT NULL auto_increment PRIMARY KEY, `student_code` varchar(255), `name` varchar(255), `surname` varchar(255), `date_of_birth` date, `place_of_birth` varchar(255), `tax_code` varchar(255), `value_scale_equivalence` float, `ise` float, `isee` float, `created_at` datetime NOT NULL, `updated_at` datetime NOT NULL) ENGINE=InnoDB
  [1m[36m (85.0ms)[0m  [1mINSERT INTO `schema_migrations` (`version`) VALUES ('20120318233947')[0m
  [1m[35m (0.3ms)[0m  SELECT `schema_migrations`.`version` FROM `schema_migrations` 
  [1m[36m (0.2ms)[0m  [1mSELECT `schema_migrations`.`version` FROM `schema_migrations` [0m
  [1m[35m (634.6ms)[0m  DROP DATABASE IF EXISTS `servizi_studenti_test`
  [1m[36m (0.3ms)[0m  [1mCREATE DATABASE `servizi_studenti_test` DEFAULT CHARACTER SET `utf8` COLLATE `utf8_unicode_ci`[0m
  [1m[35m (156.5ms)[0m  CREATE TABLE `exams` (`id` int(11) DEFAULT NULL auto_increment PRIMARY KEY, `name` varchar(255), `date` date, `code` varchar(255), `outcome` varchar(255), `created_at` datetime NOT NULL, `updated_at` datetime NOT NULL) ENGINE=InnoDB
  [1m[36m (97.1ms)[0m  [1mCREATE TABLE `isees` (`id` int(11) DEFAULT NULL auto_increment PRIMARY KEY, `student_code` varchar(255), `name` varchar(255), `surname` varchar(255), `date_of_birth` date, `place_of_birth` varchar(255), `tax_code` varchar(255), `value_scale_equivalence` float, `ise` float, `isee` float, `created_at` datetime NOT NULL, `updated_at` datetime NOT NULL) ENGINE=InnoDB[0m
  [1m[35m (98.5ms)[0m  CREATE TABLE `keys` (`id` int(11) DEFAULT NULL auto_increment PRIMARY KEY, `P_1XXD` varchar(255), `P_2XXI` varchar(255), `P_3XXC` varchar(255), `created_at` datetime NOT NULL, `updated_at` datetime NOT NULL) ENGINE=InnoDB
  [1m[36m (99.3ms)[0m  [1mCREATE TABLE `students` (`id` int(11) DEFAULT NULL auto_increment PRIMARY KEY, `surname` varchar(255), `name` varchar(255), `gender` varchar(255), `date_of_birth` date, `place_of_birth` varchar(255), `citizenship` varchar(255), `tax_code` varchar(255), `created_at` datetime NOT NULL, `updated_at` datetime NOT NULL) ENGINE=InnoDB[0m
  [1m[35m (100.5ms)[0m  CREATE TABLE `study_plans` (`id` int(11) DEFAULT NULL auto_increment PRIMARY KEY, `created_at` datetime NOT NULL, `updated_at` datetime NOT NULL) ENGINE=InnoDB
  [1m[36m (87.9ms)[0m  [1mCREATE TABLE `teachings` (`id` int(11) DEFAULT NULL auto_increment PRIMARY KEY, `program_year` int(11), `name` varchar(255), `outcome` varchar(255), `cfu` int(11), `taf` varchar(255), `ssd` varchar(255), `created_at` datetime NOT NULL, `updated_at` datetime NOT NULL) ENGINE=InnoDB[0m
  [1m[35m (88.3ms)[0m  CREATE TABLE `schema_migrations` (`version` varchar(255) NOT NULL) ENGINE=InnoDB
  [1m[36m (245.7ms)[0m  [1mCREATE UNIQUE INDEX `unique_schema_migrations` ON `schema_migrations` (`version`)[0m
  [1m[35m (0.5ms)[0m  SELECT version FROM `schema_migrations`
  [1m[36m (53.4ms)[0m  [1mINSERT INTO `schema_migrations` (version) VALUES ('20120318233947')[0m
  [1m[35m (44.5ms)[0m  INSERT INTO `schema_migrations` (version) VALUES ('20120312102858')
  [1m[36m (44.5ms)[0m  [1mINSERT INTO `schema_migrations` (version) VALUES ('20120316135918')[0m
  [1m[35m (33.3ms)[0m  INSERT INTO `schema_migrations` (version) VALUES ('20120317133410')
  [1m[36m (44.3ms)[0m  [1mINSERT INTO `schema_migrations` (version) VALUES ('20120316135742')[0m
  [1m[35m (44.3ms)[0m  INSERT INTO `schema_migrations` (version) VALUES ('20120316151528')
  [1m[36m (44.5ms)[0m  [1mINSERT INTO `schema_migrations` (version) VALUES ('20120311141015')[0m
  [1m[36m (0.2ms)[0m  [1mSELECT `schema_migrations`.`version` FROM `schema_migrations` [0m
Migrating to CreateStudents (20120311141015)
Migrating to CreateKeys (20120312102858)
Migrating to CreateTeachings (20120316135742)
Migrating to CreateStudyPlans (20120316135918)
Migrating to RemoveTeachingsFromStudyPlan (20120316151528)
Migrating to CreateExams (20120317133410)
Migrating to CreateIsees (20120318233947)
Migrating to AddCafProtocolNumberToIsee (20120318234746)
  [1m[35m (0.4ms)[0m  ALTER TABLE `isee` ADD `caf_protocol_number` varchar(255)
Mysql2::Error: Table 'servizi_studenti_development.isee' doesn't exist: ALTER TABLE `isee` ADD `caf_protocol_number` varchar(255)
  [1m[36m (0.2ms)[0m  [1mSELECT `schema_migrations`.`version` FROM `schema_migrations` [0m
Migrating to CreateStudents (20120311141015)
Migrating to CreateKeys (20120312102858)
Migrating to CreateTeachings (20120316135742)
Migrating to CreateStudyPlans (20120316135918)
Migrating to RemoveTeachingsFromStudyPlan (20120316151528)
Migrating to CreateExams (20120317133410)
Migrating to CreateIsees (20120318233947)
Migrating to AddCafProtocolNumberToIsee (20120318234746)
  [1m[35m (341.9ms)[0m  ALTER TABLE `isees` ADD `caf_protocol_number` varchar(255)
  [1m[36m (54.8ms)[0m  [1mINSERT INTO `schema_migrations` (`version`) VALUES ('20120318234746')[0m
  [1m[35m (0.3ms)[0m  SELECT `schema_migrations`.`version` FROM `schema_migrations` 
  [1m[36m (0.2ms)[0m  [1mSELECT `schema_migrations`.`version` FROM `schema_migrations` [0m
  [1m[35m (552.8ms)[0m  DROP DATABASE IF EXISTS `servizi_studenti_test`
  [1m[36m (0.3ms)[0m  [1mCREATE DATABASE `servizi_studenti_test` DEFAULT CHARACTER SET `utf8` COLLATE `utf8_unicode_ci`[0m
  [1m[35m (115.9ms)[0m  CREATE TABLE `exams` (`id` int(11) DEFAULT NULL auto_increment PRIMARY KEY, `name` varchar(255), `date` date, `code` varchar(255), `outcome` varchar(255), `created_at` datetime NOT NULL, `updated_at` datetime NOT NULL) ENGINE=InnoDB
  [1m[36m (98.1ms)[0m  [1mCREATE TABLE `isees` (`id` int(11) DEFAULT NULL auto_increment PRIMARY KEY, `student_code` varchar(255), `name` varchar(255), `surname` varchar(255), `date_of_birth` date, `place_of_birth` varchar(255), `tax_code` varchar(255), `value_scale_equivalence` float, `ise` float, `isee` float, `created_at` datetime NOT NULL, `updated_at` datetime NOT NULL, `caf_protocol_number` varchar(255)) ENGINE=InnoDB[0m
  [1m[35m (187.6ms)[0m  CREATE TABLE `keys` (`id` int(11) DEFAULT NULL auto_increment PRIMARY KEY, `P_1XXD` varchar(255), `P_2XXI` varchar(255), `P_3XXC` varchar(255), `created_at` datetime NOT NULL, `updated_at` datetime NOT NULL) ENGINE=InnoDB
  [1m[36m (211.0ms)[0m  [1mCREATE TABLE `students` (`id` int(11) DEFAULT NULL auto_increment PRIMARY KEY, `surname` varchar(255), `name` varchar(255), `gender` varchar(255), `date_of_birth` date, `place_of_birth` varchar(255), `citizenship` varchar(255), `tax_code` varchar(255), `created_at` datetime NOT NULL, `updated_at` datetime NOT NULL) ENGINE=InnoDB[0m
  [1m[35m (143.3ms)[0m  CREATE TABLE `study_plans` (`id` int(11) DEFAULT NULL auto_increment PRIMARY KEY, `created_at` datetime NOT NULL, `updated_at` datetime NOT NULL) ENGINE=InnoDB
  [1m[36m (99.6ms)[0m  [1mCREATE TABLE `teachings` (`id` int(11) DEFAULT NULL auto_increment PRIMARY KEY, `program_year` int(11), `name` varchar(255), `outcome` varchar(255), `cfu` int(11), `taf` varchar(255), `ssd` varchar(255), `created_at` datetime NOT NULL, `updated_at` datetime NOT NULL) ENGINE=InnoDB[0m
  [1m[35m (99.4ms)[0m  CREATE TABLE `schema_migrations` (`version` varchar(255) NOT NULL) ENGINE=InnoDB
  [1m[36m (236.8ms)[0m  [1mCREATE UNIQUE INDEX `unique_schema_migrations` ON `schema_migrations` (`version`)[0m
  [1m[35m (0.4ms)[0m  SELECT version FROM `schema_migrations`
  [1m[36m (42.0ms)[0m  [1mINSERT INTO `schema_migrations` (version) VALUES ('20120318234746')[0m
  [1m[35m (44.5ms)[0m  INSERT INTO `schema_migrations` (version) VALUES ('20120312102858')
  [1m[36m (44.4ms)[0m  [1mINSERT INTO `schema_migrations` (version) VALUES ('20120316135918')[0m
  [1m[35m (44.3ms)[0m  INSERT INTO `schema_migrations` (version) VALUES ('20120317133410')
  [1m[36m (44.6ms)[0m  [1mINSERT INTO `schema_migrations` (version) VALUES ('20120316135742')[0m
  [1m[35m (44.4ms)[0m  INSERT INTO `schema_migrations` (version) VALUES ('20120316151528')
  [1m[36m (44.4ms)[0m  [1mINSERT INTO `schema_migrations` (version) VALUES ('20120311141015')[0m
  [1m[35m (44.6ms)[0m  INSERT INTO `schema_migrations` (version) VALUES ('20120318233947')
  [1m[36m (66.8ms)[0m  [1mSELECT `schema_migrations`.`version` FROM `schema_migrations` [0m
Migrating to CreateStudents (20120311141015)
Migrating to CreateKeys (20120312102858)
Migrating to CreateTeachings (20120316135742)
Migrating to CreateStudyPlans (20120316135918)
Migrating to RemoveTeachingsFromStudyPlan (20120316151528)
Migrating to CreateExams (20120317133410)
Migrating to CreateIsees (20120318233947)
Migrating to AddCafProtocolNumberToIsee (20120318234746)
Migrating to CreatePayments (20120319124639)
  [1m[35m (218.7ms)[0m  CREATE TABLE `payments` (`id` int(11) DEFAULT NULL auto_increment PRIMARY KEY, `code` varchar(255), `academic_year` varchar(255), `description` text, `amount` float, `date` date, `created_at` datetime NOT NULL, `updated_at` datetime NOT NULL) ENGINE=InnoDB
  [1m[36m (64.7ms)[0m  [1mINSERT INTO `schema_migrations` (`version`) VALUES ('20120319124639')[0m
  [1m[35m (0.4ms)[0m  SELECT `schema_migrations`.`version` FROM `schema_migrations` 
  [1m[36m (0.2ms)[0m  [1mSELECT `schema_migrations`.`version` FROM `schema_migrations` [0m
  [1m[35m (487.3ms)[0m  DROP DATABASE IF EXISTS `servizi_studenti_test`
  [1m[36m (0.4ms)[0m  [1mCREATE DATABASE `servizi_studenti_test` DEFAULT CHARACTER SET `utf8` COLLATE `utf8_unicode_ci`[0m
  [1m[35m (99.7ms)[0m  CREATE TABLE `exams` (`id` int(11) DEFAULT NULL auto_increment PRIMARY KEY, `name` varchar(255), `date` date, `code` varchar(255), `outcome` varchar(255), `created_at` datetime NOT NULL, `updated_at` datetime NOT NULL) ENGINE=InnoDB
  [1m[36m (99.1ms)[0m  [1mCREATE TABLE `isees` (`id` int(11) DEFAULT NULL auto_increment PRIMARY KEY, `student_code` varchar(255), `name` varchar(255), `surname` varchar(255), `date_of_birth` date, `place_of_birth` varchar(255), `tax_code` varchar(255), `value_scale_equivalence` float, `ise` float, `isee` float, `created_at` datetime NOT NULL, `updated_at` datetime NOT NULL, `caf_protocol_number` varchar(255)) ENGINE=InnoDB[0m
  [1m[35m (99.0ms)[0m  CREATE TABLE `keys` (`id` int(11) DEFAULT NULL auto_increment PRIMARY KEY, `P_1XXD` varchar(255), `P_2XXI` varchar(255), `P_3XXC` varchar(255), `created_at` datetime NOT NULL, `updated_at` datetime NOT NULL) ENGINE=InnoDB
  [1m[36m (99.1ms)[0m  [1mCREATE TABLE `payments` (`id` int(11) DEFAULT NULL auto_increment PRIMARY KEY, `code` varchar(255), `academic_year` varchar(255), `description` text, `amount` float, `date` date, `created_at` datetime NOT NULL, `updated_at` datetime NOT NULL) ENGINE=InnoDB[0m
  [1m[35m (98.6ms)[0m  CREATE TABLE `students` (`id` int(11) DEFAULT NULL auto_increment PRIMARY KEY, `surname` varchar(255), `name` varchar(255), `gender` varchar(255), `date_of_birth` date, `place_of_birth` varchar(255), `citizenship` varchar(255), `tax_code` varchar(255), `created_at` datetime NOT NULL, `updated_at` datetime NOT NULL) ENGINE=InnoDB
  [1m[36m (99.2ms)[0m  [1mCREATE TABLE `study_plans` (`id` int(11) DEFAULT NULL auto_increment PRIMARY KEY, `created_at` datetime NOT NULL, `updated_at` datetime NOT NULL) ENGINE=InnoDB[0m
  [1m[35m (489.2ms)[0m  CREATE TABLE `teachings` (`id` int(11) DEFAULT NULL auto_increment PRIMARY KEY, `program_year` int(11), `name` varchar(255), `outcome` varchar(255), `cfu` int(11), `taf` varchar(255), `ssd` varchar(255), `created_at` datetime NOT NULL, `updated_at` datetime NOT NULL) ENGINE=InnoDB
  [1m[36m (77.6ms)[0m  [1mCREATE TABLE `schema_migrations` (`version` varchar(255) NOT NULL) ENGINE=InnoDB[0m
  [1m[35m (278.6ms)[0m  CREATE UNIQUE INDEX `unique_schema_migrations` ON `schema_migrations` (`version`)
  [1m[36m (0.5ms)[0m  [1mSELECT version FROM `schema_migrations`[0m
  [1m[35m (41.8ms)[0m  INSERT INTO `schema_migrations` (version) VALUES ('20120319124639')
  [1m[36m (44.4ms)[0m  [1mINSERT INTO `schema_migrations` (version) VALUES ('20120312102858')[0m
  [1m[35m (44.3ms)[0m  INSERT INTO `schema_migrations` (version) VALUES ('20120316135918')
  [1m[36m (44.2ms)[0m  [1mINSERT INTO `schema_migrations` (version) VALUES ('20120317133410')[0m
  [1m[35m (44.2ms)[0m  INSERT INTO `schema_migrations` (version) VALUES ('20120316135742')
  [1m[36m (44.4ms)[0m  [1mINSERT INTO `schema_migrations` (version) VALUES ('20120316151528')[0m
  [1m[35m (44.2ms)[0m  INSERT INTO `schema_migrations` (version) VALUES ('20120311141015')
  [1m[36m (44.4ms)[0m  [1mINSERT INTO `schema_migrations` (version) VALUES ('20120318234746')[0m
  [1m[35m (44.2ms)[0m  INSERT INTO `schema_migrations` (version) VALUES ('20120318233947')
  [1m[36m (0.3ms)[0m  [1mSELECT `schema_migrations`.`version` FROM `schema_migrations` [0m
Migrating to CreateStudents (20120311141015)
Migrating to CreateKeys (20120312102858)
Migrating to CreateTeachings (20120316135742)
Migrating to CreateStudyPlans (20120316135918)
Migrating to RemoveTeachingsFromStudyPlan (20120316151528)
Migrating to CreateExams (20120317133410)
Migrating to CreateIsees (20120318233947)
Migrating to AddCafProtocolNumberToIsee (20120318234746)
Migrating to CreatePayments (20120319124639)
Migrating to AddStatusToPayment (20120319134102)
  [1m[35m (350.1ms)[0m  ALTER TABLE `payments` ADD `status` varchar(255)
  [1m[36m (64.6ms)[0m  [1mINSERT INTO `schema_migrations` (`version`) VALUES ('20120319134102')[0m
  [1m[35m (0.2ms)[0m  SELECT `schema_migrations`.`version` FROM `schema_migrations` 
  [1m[36m (0.2ms)[0m  [1mSELECT `schema_migrations`.`version` FROM `schema_migrations` [0m
  [1m[35m (493.9ms)[0m  DROP DATABASE IF EXISTS `servizi_studenti_test`
  [1m[36m (0.3ms)[0m  [1mCREATE DATABASE `servizi_studenti_test` DEFAULT CHARACTER SET `utf8` COLLATE `utf8_unicode_ci`[0m
  [1m[35m (104.1ms)[0m  CREATE TABLE `exams` (`id` int(11) DEFAULT NULL auto_increment PRIMARY KEY, `name` varchar(255), `date` date, `code` varchar(255), `outcome` varchar(255), `created_at` datetime NOT NULL, `updated_at` datetime NOT NULL) ENGINE=InnoDB
  [1m[36m (98.3ms)[0m  [1mCREATE TABLE `isees` (`id` int(11) DEFAULT NULL auto_increment PRIMARY KEY, `student_code` varchar(255), `name` varchar(255), `surname` varchar(255), `date_of_birth` date, `place_of_birth` varchar(255), `tax_code` varchar(255), `value_scale_equivalence` float, `ise` float, `isee` float, `created_at` datetime NOT NULL, `updated_at` datetime NOT NULL, `caf_protocol_number` varchar(255)) ENGINE=InnoDB[0m
  [1m[35m (88.0ms)[0m  CREATE TABLE `keys` (`id` int(11) DEFAULT NULL auto_increment PRIMARY KEY, `P_1XXD` varchar(255), `P_2XXI` varchar(255), `P_3XXC` varchar(255), `created_at` datetime NOT NULL, `updated_at` datetime NOT NULL) ENGINE=InnoDB
  [1m[36m (98.4ms)[0m  [1mCREATE TABLE `payments` (`id` int(11) DEFAULT NULL auto_increment PRIMARY KEY, `code` varchar(255), `academic_year` varchar(255), `description` text, `amount` float, `date` date, `created_at` datetime NOT NULL, `updated_at` datetime NOT NULL, `status` varchar(255)) ENGINE=InnoDB[0m
  [1m[35m (98.6ms)[0m  CREATE TABLE `students` (`id` int(11) DEFAULT NULL auto_increment PRIMARY KEY, `surname` varchar(255), `name` varchar(255), `gender` varchar(255), `date_of_birth` date, `place_of_birth` varchar(255), `citizenship` varchar(255), `tax_code` varchar(255), `created_at` datetime NOT NULL, `updated_at` datetime NOT NULL) ENGINE=InnoDB
  [1m[36m (99.0ms)[0m  [1mCREATE TABLE `study_plans` (`id` int(11) DEFAULT NULL auto_increment PRIMARY KEY, `created_at` datetime NOT NULL, `updated_at` datetime NOT NULL) ENGINE=InnoDB[0m
  [1m[35m (109.5ms)[0m  CREATE TABLE `teachings` (`id` int(11) DEFAULT NULL auto_increment PRIMARY KEY, `program_year` int(11), `name` varchar(255), `outcome` varchar(255), `cfu` int(11), `taf` varchar(255), `ssd` varchar(255), `created_at` datetime NOT NULL, `updated_at` datetime NOT NULL) ENGINE=InnoDB
  [1m[36m (99.1ms)[0m  [1mCREATE TABLE `schema_migrations` (`version` varchar(255) NOT NULL) ENGINE=InnoDB[0m
  [1m[35m (234.7ms)[0m  CREATE UNIQUE INDEX `unique_schema_migrations` ON `schema_migrations` (`version`)
  [1m[36m (0.6ms)[0m  [1mSELECT version FROM `schema_migrations`[0m
  [1m[35m (52.9ms)[0m  INSERT INTO `schema_migrations` (version) VALUES ('20120319134102')
  [1m[36m (33.3ms)[0m  [1mINSERT INTO `schema_migrations` (version) VALUES ('20120312102858')[0m
  [1m[35m (137.0ms)[0m  INSERT INTO `schema_migrations` (version) VALUES ('20120316135918')
  [1m[36m (65.5ms)[0m  [1mINSERT INTO `schema_migrations` (version) VALUES ('20120317133410')[0m
  [1m[35m (44.3ms)[0m  INSERT INTO `schema_migrations` (version) VALUES ('20120316135742')
  [1m[36m (44.3ms)[0m  [1mINSERT INTO `schema_migrations` (version) VALUES ('20120316151528')[0m
  [1m[35m (44.3ms)[0m  INSERT INTO `schema_migrations` (version) VALUES ('20120319124639')
  [1m[36m (44.3ms)[0m  [1mINSERT INTO `schema_migrations` (version) VALUES ('20120311141015')[0m
  [1m[35m (44.4ms)[0m  INSERT INTO `schema_migrations` (version) VALUES ('20120318234746')
  [1m[36m (44.4ms)[0m  [1mINSERT INTO `schema_migrations` (version) VALUES ('20120318233947')[0m
  [1m[36m (22.9ms)[0m  [1mSELECT `schema_migrations`.`version` FROM `schema_migrations` [0m
Migrating to CreateStudents (20120311141015)
Migrating to CreateKeys (20120312102858)
Migrating to CreateTeachings (20120316135742)
Migrating to CreateStudyPlans (20120316135918)
Migrating to RemoveTeachingsFromStudyPlan (20120316151528)
Migrating to CreateExams (20120317133410)
Migrating to CreateIsees (20120318233947)
Migrating to AddCafProtocolNumberToIsee (20120318234746)
Migrating to CreatePayments (20120319124639)
Migrating to AddStatusToPayment (20120319134102)
Migrating to CreateExamSessions (20120321190932)
  [1m[35m (185.9ms)[0m  CREATE TABLE `exam_sessions` (`id` int(11) DEFAULT NULL auto_increment PRIMARY KEY, `teaching` varchar(255), `course` varchar(255), `address` varchar(255), `cfu` int(11), `ssd` varchar(255), `date` date, `prenotation_range` varchar(255), `classroom` varchar(255), `professor` varchar(255), `notes` text, `created_at` datetime NOT NULL, `updated_at` datetime NOT NULL) ENGINE=InnoDB
  [1m[36m (43.8ms)[0m  [1mINSERT INTO `schema_migrations` (`version`) VALUES ('20120321190932')[0m
  [1m[35m (0.2ms)[0m  SELECT `schema_migrations`.`version` FROM `schema_migrations` 
  [1m[36m (0.2ms)[0m  [1mSELECT `schema_migrations`.`version` FROM `schema_migrations` [0m
  [1m[35m (529.4ms)[0m  DROP DATABASE IF EXISTS `servizi_studenti_test`
  [1m[36m (0.6ms)[0m  [1mCREATE DATABASE `servizi_studenti_test` DEFAULT CHARACTER SET `utf8` COLLATE `utf8_unicode_ci`[0m
  [1m[35m (138.0ms)[0m  CREATE TABLE `exam_sessions` (`id` int(11) DEFAULT NULL auto_increment PRIMARY KEY, `teaching` varchar(255), `course` varchar(255), `address` varchar(255), `cfu` int(11), `ssd` varchar(255), `date` date, `prenotation_range` varchar(255), `classroom` varchar(255), `professor` varchar(255), `notes` text, `created_at` datetime NOT NULL, `updated_at` datetime NOT NULL) ENGINE=InnoDB
  [1m[36m (123.7ms)[0m  [1mCREATE TABLE `exams` (`id` int(11) DEFAULT NULL auto_increment PRIMARY KEY, `name` varchar(255), `date` date, `code` varchar(255), `outcome` varchar(255), `created_at` datetime NOT NULL, `updated_at` datetime NOT NULL) ENGINE=InnoDB[0m
  [1m[35m (98.8ms)[0m  CREATE TABLE `isees` (`id` int(11) DEFAULT NULL auto_increment PRIMARY KEY, `student_code` varchar(255), `name` varchar(255), `surname` varchar(255), `date_of_birth` date, `place_of_birth` varchar(255), `tax_code` varchar(255), `value_scale_equivalence` float, `ise` float, `isee` float, `created_at` datetime NOT NULL, `updated_at` datetime NOT NULL, `caf_protocol_number` varchar(255)) ENGINE=InnoDB
  [1m[36m (99.0ms)[0m  [1mCREATE TABLE `keys` (`id` int(11) DEFAULT NULL auto_increment PRIMARY KEY, `P_1XXD` varchar(255), `P_2XXI` varchar(255), `P_3XXC` varchar(255), `created_at` datetime NOT NULL, `updated_at` datetime NOT NULL) ENGINE=InnoDB[0m
  [1m[35m (88.5ms)[0m  CREATE TABLE `payments` (`id` int(11) DEFAULT NULL auto_increment PRIMARY KEY, `code` varchar(255), `academic_year` varchar(255), `description` text, `amount` float, `date` date, `created_at` datetime NOT NULL, `updated_at` datetime NOT NULL, `status` varchar(255)) ENGINE=InnoDB
  [1m[36m (99.4ms)[0m  [1mCREATE TABLE `students` (`id` int(11) DEFAULT NULL auto_increment PRIMARY KEY, `surname` varchar(255), `name` varchar(255), `gender` varchar(255), `date_of_birth` date, `place_of_birth` varchar(255), `citizenship` varchar(255), `tax_code` varchar(255), `created_at` datetime NOT NULL, `updated_at` datetime NOT NULL) ENGINE=InnoDB[0m
  [1m[35m (110.6ms)[0m  CREATE TABLE `study_plans` (`id` int(11) DEFAULT NULL auto_increment PRIMARY KEY, `created_at` datetime NOT NULL, `updated_at` datetime NOT NULL) ENGINE=InnoDB
  [1m[36m (100.5ms)[0m  [1mCREATE TABLE `teachings` (`id` int(11) DEFAULT NULL auto_increment PRIMARY KEY, `program_year` int(11), `name` varchar(255), `outcome` varchar(255), `cfu` int(11), `taf` varchar(255), `ssd` varchar(255), `created_at` datetime NOT NULL, `updated_at` datetime NOT NULL) ENGINE=InnoDB[0m
  [1m[35m (99.9ms)[0m  CREATE TABLE `schema_migrations` (`version` varchar(255) NOT NULL) ENGINE=InnoDB
  [1m[36m (257.7ms)[0m  [1mCREATE UNIQUE INDEX `unique_schema_migrations` ON `schema_migrations` (`version`)[0m
  [1m[35m (0.4ms)[0m  SELECT version FROM `schema_migrations`
  [1m[36m (105.9ms)[0m  [1mINSERT INTO `schema_migrations` (version) VALUES ('20120321190932')[0m
  [1m[35m (71.6ms)[0m  INSERT INTO `schema_migrations` (version) VALUES ('20120312102858')
  [1m[36m (44.2ms)[0m  [1mINSERT INTO `schema_migrations` (version) VALUES ('20120316135918')[0m
  [1m[35m (44.4ms)[0m  INSERT INTO `schema_migrations` (version) VALUES ('20120319134102')
  [1m[36m (45.0ms)[0m  [1mINSERT INTO `schema_migrations` (version) VALUES ('20120317133410')[0m
  [1m[35m (43.9ms)[0m  INSERT INTO `schema_migrations` (version) VALUES ('20120316135742')
  [1m[36m (63.1ms)[0m  [1mINSERT INTO `schema_migrations` (version) VALUES ('20120316151528')[0m
  [1m[35m (37.2ms)[0m  INSERT INTO `schema_migrations` (version) VALUES ('20120319124639')
  [1m[36m (44.4ms)[0m  [1mINSERT INTO `schema_migrations` (version) VALUES ('20120311141015')[0m
  [1m[35m (44.3ms)[0m  INSERT INTO `schema_migrations` (version) VALUES ('20120318234746')
  [1m[36m (46.4ms)[0m  [1mINSERT INTO `schema_migrations` (version) VALUES ('20120318233947')[0m
  [1m[36m (0.2ms)[0m  [1mSELECT `schema_migrations`.`version` FROM `schema_migrations` [0m
Migrating to CreateStudents (20120311141015)
Migrating to CreateKeys (20120312102858)
Migrating to CreateTeachings (20120316135742)
Migrating to CreateStudyPlans (20120316135918)
Migrating to RemoveTeachingsFromStudyPlan (20120316151528)
Migrating to CreateExams (20120317133410)
Migrating to CreateIsees (20120318233947)
Migrating to AddCafProtocolNumberToIsee (20120318234746)
Migrating to CreatePayments (20120319124639)
Migrating to AddStatusToPayment (20120319134102)
Migrating to CreateExamSessions (20120321190932)
Migrating to AddTimeToExamSession (20120321191759)
  [1m[35m (867.6ms)[0m  ALTER TABLE `exam_sessions` ADD `time` time
  [1m[36m (65.9ms)[0m  [1mINSERT INTO `schema_migrations` (`version`) VALUES ('20120321191759')[0m
  [1m[35m (0.3ms)[0m  SELECT `schema_migrations`.`version` FROM `schema_migrations` 
  [1m[36m (0.2ms)[0m  [1mSELECT `schema_migrations`.`version` FROM `schema_migrations` [0m
  [1m[35m (488.2ms)[0m  DROP DATABASE IF EXISTS `servizi_studenti_test`
  [1m[36m (0.3ms)[0m  [1mCREATE DATABASE `servizi_studenti_test` DEFAULT CHARACTER SET `utf8` COLLATE `utf8_unicode_ci`[0m
  [1m[35m (121.2ms)[0m  CREATE TABLE `exam_sessions` (`id` int(11) DEFAULT NULL auto_increment PRIMARY KEY, `teaching` varchar(255), `course` varchar(255), `address` varchar(255), `cfu` int(11), `ssd` varchar(255), `date` date, `prenotation_range` varchar(255), `classroom` varchar(255), `professor` varchar(255), `notes` text, `created_at` datetime NOT NULL, `updated_at` datetime NOT NULL, `time` time) ENGINE=InnoDB
  [1m[36m (119.7ms)[0m  [1mCREATE TABLE `exams` (`id` int(11) DEFAULT NULL auto_increment PRIMARY KEY, `name` varchar(255), `date` date, `code` varchar(255), `outcome` varchar(255), `created_at` datetime NOT NULL, `updated_at` datetime NOT NULL) ENGINE=InnoDB[0m
  [1m[35m (178.1ms)[0m  CREATE TABLE `isees` (`id` int(11) DEFAULT NULL auto_increment PRIMARY KEY, `student_code` varchar(255), `name` varchar(255), `surname` varchar(255), `date_of_birth` date, `place_of_birth` varchar(255), `tax_code` varchar(255), `value_scale_equivalence` float, `ise` float, `isee` float, `created_at` datetime NOT NULL, `updated_at` datetime NOT NULL, `caf_protocol_number` varchar(255)) ENGINE=InnoDB
  [1m[36m (110.2ms)[0m  [1mCREATE TABLE `keys` (`id` int(11) DEFAULT NULL auto_increment PRIMARY KEY, `P_1XXD` varchar(255), `P_2XXI` varchar(255), `P_3XXC` varchar(255), `created_at` datetime NOT NULL, `updated_at` datetime NOT NULL) ENGINE=InnoDB[0m
  [1m[35m (100.8ms)[0m  CREATE TABLE `payments` (`id` int(11) DEFAULT NULL auto_increment PRIMARY KEY, `code` varchar(255), `academic_year` varchar(255), `description` text, `amount` float, `date` date, `created_at` datetime NOT NULL, `updated_at` datetime NOT NULL, `status` varchar(255)) ENGINE=InnoDB
  [1m[36m (164.5ms)[0m  [1mCREATE TABLE `students` (`id` int(11) DEFAULT NULL auto_increment PRIMARY KEY, `surname` varchar(255), `name` varchar(255), `gender` varchar(255), `date_of_birth` date, `place_of_birth` varchar(255), `citizenship` varchar(255), `tax_code` varchar(255), `created_at` datetime NOT NULL, `updated_at` datetime NOT NULL) ENGINE=InnoDB[0m
  [1m[35m (159.1ms)[0m  CREATE TABLE `study_plans` (`id` int(11) DEFAULT NULL auto_increment PRIMARY KEY, `created_at` datetime NOT NULL, `updated_at` datetime NOT NULL) ENGINE=InnoDB
  [1m[36m (99.0ms)[0m  [1mCREATE TABLE `teachings` (`id` int(11) DEFAULT NULL auto_increment PRIMARY KEY, `program_year` int(11), `name` varchar(255), `outcome` varchar(255), `cfu` int(11), `taf` varchar(255), `ssd` varchar(255), `created_at` datetime NOT NULL, `updated_at` datetime NOT NULL) ENGINE=InnoDB[0m
  [1m[35m (111.4ms)[0m  CREATE TABLE `schema_migrations` (`version` varchar(255) NOT NULL) ENGINE=InnoDB
  [1m[36m (234.8ms)[0m  [1mCREATE UNIQUE INDEX `unique_schema_migrations` ON `schema_migrations` (`version`)[0m
  [1m[35m (0.4ms)[0m  SELECT version FROM `schema_migrations`
  [1m[36m (53.6ms)[0m  [1mINSERT INTO `schema_migrations` (version) VALUES ('20120321191759')[0m
  [1m[35m (46.2ms)[0m  INSERT INTO `schema_migrations` (version) VALUES ('20120312102858')
  [1m[36m (44.5ms)[0m  [1mINSERT INTO `schema_migrations` (version) VALUES ('20120316135918')[0m
  [1m[35m (44.5ms)[0m  INSERT INTO `schema_migrations` (version) VALUES ('20120319134102')
  [1m[36m (55.8ms)[0m  [1mINSERT INTO `schema_migrations` (version) VALUES ('20120317133410')[0m
  [1m[35m (44.6ms)[0m  INSERT INTO `schema_migrations` (version) VALUES ('20120316135742')
  [1m[36m (44.4ms)[0m  [1mINSERT INTO `schema_migrations` (version) VALUES ('20120316151528')[0m
  [1m[35m (44.4ms)[0m  INSERT INTO `schema_migrations` (version) VALUES ('20120319124639')
  [1m[36m (44.6ms)[0m  [1mINSERT INTO `schema_migrations` (version) VALUES ('20120311141015')[0m
  [1m[35m (44.2ms)[0m  INSERT INTO `schema_migrations` (version) VALUES ('20120318234746')
  [1m[36m (44.7ms)[0m  [1mINSERT INTO `schema_migrations` (version) VALUES ('20120318233947')[0m
  [1m[35m (44.4ms)[0m  INSERT INTO `schema_migrations` (version) VALUES ('20120321190932')
  [1m[36m (97.8ms)[0m  [1mSELECT `schema_migrations`.`version` FROM `schema_migrations` [0m
Migrating to CreateStudents (20120311141015)
Migrating to CreateKeys (20120312102858)
Migrating to CreateTeachings (20120316135742)
Migrating to CreateStudyPlans (20120316135918)
Migrating to RemoveTeachingsFromStudyPlan (20120316151528)
Migrating to CreateExams (20120317133410)
Migrating to CreateIsees (20120318233947)
Migrating to AddCafProtocolNumberToIsee (20120318234746)
Migrating to CreatePayments (20120319124639)
Migrating to AddStatusToPayment (20120319134102)
Migrating to CreateExamSessions (20120321190932)
Migrating to AddTimeToExamSession (20120321191759)
Migrating to AddPrenotationUrlToExamSession (20120322114623)
  [1m[35m (682.2ms)[0m  ALTER TABLE `exam_sessions` ADD `prenotation_url` varchar(255)
  [1m[36m (124.5ms)[0m  [1mINSERT INTO `schema_migrations` (`version`) VALUES ('20120322114623')[0m
  [1m[35m (0.5ms)[0m  SELECT `schema_migrations`.`version` FROM `schema_migrations` 
  [1m[36m (0.1ms)[0m  [1mSELECT `schema_migrations`.`version` FROM `schema_migrations` [0m
  [1m[35m (613.0ms)[0m  DROP DATABASE IF EXISTS `servizi_studenti_test`
  [1m[36m (0.3ms)[0m  [1mCREATE DATABASE `servizi_studenti_test` DEFAULT CHARACTER SET `utf8` COLLATE `utf8_unicode_ci`[0m
  [1m[35m (112.0ms)[0m  CREATE TABLE `exam_sessions` (`id` int(11) DEFAULT NULL auto_increment PRIMARY KEY, `teaching` varchar(255), `course` varchar(255), `address` varchar(255), `cfu` int(11), `ssd` varchar(255), `date` date, `prenotation_range` varchar(255), `classroom` varchar(255), `professor` varchar(255), `notes` text, `created_at` datetime NOT NULL, `updated_at` datetime NOT NULL, `time` time, `prenotation_url` varchar(255)) ENGINE=InnoDB
  [1m[36m (164.3ms)[0m  [1mCREATE TABLE `exams` (`id` int(11) DEFAULT NULL auto_increment PRIMARY KEY, `name` varchar(255), `date` date, `code` varchar(255), `outcome` varchar(255), `created_at` datetime NOT NULL, `updated_at` datetime NOT NULL) ENGINE=InnoDB[0m
  [1m[35m (107.7ms)[0m  CREATE TABLE `isees` (`id` int(11) DEFAULT NULL auto_increment PRIMARY KEY, `student_code` varchar(255), `name` varchar(255), `surname` varchar(255), `date_of_birth` date, `place_of_birth` varchar(255), `tax_code` varchar(255), `value_scale_equivalence` float, `ise` float, `isee` float, `created_at` datetime NOT NULL, `updated_at` datetime NOT NULL, `caf_protocol_number` varchar(255)) ENGINE=InnoDB
  [1m[36m (97.4ms)[0m  [1mCREATE TABLE `keys` (`id` int(11) DEFAULT NULL auto_increment PRIMARY KEY, `P_1XXD` varchar(255), `P_2XXI` varchar(255), `P_3XXC` varchar(255), `created_at` datetime NOT NULL, `updated_at` datetime NOT NULL) ENGINE=InnoDB[0m
  [1m[35m (97.1ms)[0m  CREATE TABLE `payments` (`id` int(11) DEFAULT NULL auto_increment PRIMARY KEY, `code` varchar(255), `academic_year` varchar(255), `description` text, `amount` float, `date` date, `created_at` datetime NOT NULL, `updated_at` datetime NOT NULL, `status` varchar(255)) ENGINE=InnoDB
  [1m[36m (96.4ms)[0m  [1mCREATE TABLE `students` (`id` int(11) DEFAULT NULL auto_increment PRIMARY KEY, `surname` varchar(255), `name` varchar(255), `gender` varchar(255), `date_of_birth` date, `place_of_birth` varchar(255), `citizenship` varchar(255), `tax_code` varchar(255), `created_at` datetime NOT NULL, `updated_at` datetime NOT NULL) ENGINE=InnoDB[0m
  [1m[35m (97.1ms)[0m  CREATE TABLE `study_plans` (`id` int(11) DEFAULT NULL auto_increment PRIMARY KEY, `created_at` datetime NOT NULL, `updated_at` datetime NOT NULL) ENGINE=InnoDB
  [1m[36m (96.9ms)[0m  [1mCREATE TABLE `teachings` (`id` int(11) DEFAULT NULL auto_increment PRIMARY KEY, `program_year` int(11), `name` varchar(255), `outcome` varchar(255), `cfu` int(11), `taf` varchar(255), `ssd` varchar(255), `created_at` datetime NOT NULL, `updated_at` datetime NOT NULL) ENGINE=InnoDB[0m
  [1m[35m (331.5ms)[0m  CREATE TABLE `schema_migrations` (`version` varchar(255) NOT NULL) ENGINE=InnoDB
  [1m[36m (247.9ms)[0m  [1mCREATE UNIQUE INDEX `unique_schema_migrations` ON `schema_migrations` (`version`)[0m
  [1m[35m (0.5ms)[0m  SELECT version FROM `schema_migrations`
  [1m[36m (42.4ms)[0m  [1mINSERT INTO `schema_migrations` (version) VALUES ('20120322114623')[0m
  [1m[35m (44.3ms)[0m  INSERT INTO `schema_migrations` (version) VALUES ('20120312102858')
  [1m[36m (55.5ms)[0m  [1mINSERT INTO `schema_migrations` (version) VALUES ('20120316135918')[0m
  [1m[35m (44.3ms)[0m  INSERT INTO `schema_migrations` (version) VALUES ('20120319134102')
  [1m[36m (44.5ms)[0m  [1mINSERT INTO `schema_migrations` (version) VALUES ('20120317133410')[0m
  [1m[35m (44.2ms)[0m  INSERT INTO `schema_migrations` (version) VALUES ('20120316135742')
  [1m[36m (44.5ms)[0m  [1mINSERT INTO `schema_migrations` (version) VALUES ('20120316151528')[0m
  [1m[35m (44.4ms)[0m  INSERT INTO `schema_migrations` (version) VALUES ('20120319124639')
  [1m[36m (44.5ms)[0m  [1mINSERT INTO `schema_migrations` (version) VALUES ('20120311141015')[0m
  [1m[35m (44.2ms)[0m  INSERT INTO `schema_migrations` (version) VALUES ('20120318234746')
  [1m[36m (44.5ms)[0m  [1mINSERT INTO `schema_migrations` (version) VALUES ('20120321191759')[0m
  [1m[35m (44.5ms)[0m  INSERT INTO `schema_migrations` (version) VALUES ('20120318233947')
  [1m[36m (44.3ms)[0m  [1mINSERT INTO `schema_migrations` (version) VALUES ('20120321190932')[0m
  [1m[36m (97.2ms)[0m  [1mSELECT `schema_migrations`.`version` FROM `schema_migrations` [0m
Migrating to CreateStudents (20120311141015)
Migrating to CreateKeys (20120312102858)
Migrating to CreateTeachings (20120316135742)
Migrating to CreateStudyPlans (20120316135918)
Migrating to RemoveTeachingsFromStudyPlan (20120316151528)
Migrating to CreateExams (20120317133410)
Migrating to CreateIsees (20120318233947)
Migrating to AddCafProtocolNumberToIsee (20120318234746)
Migrating to CreatePayments (20120319124639)
Migrating to AddStatusToPayment (20120319134102)
Migrating to CreateExamSessions (20120321190932)
Migrating to AddTimeToExamSession (20120321191759)
Migrating to AddPrenotationUrlToExamSession (20120322114623)
Migrating to CreateExamBookings (20120325211800)
  [1m[35m (317.2ms)[0m  CREATE TABLE `exam_bookings` (`id` int(11) DEFAULT NULL auto_increment PRIMARY KEY, `teaching` varchar(255), `date` date, `time` time, `classroom` varchar(255), `professor` varchar(255), `booking_number` int(11), `notes` text, `delete_prenotation_url` varchar(255), `created_at` datetime NOT NULL, `updated_at` datetime NOT NULL) ENGINE=InnoDB
  [1m[36m (120.7ms)[0m  [1mINSERT INTO `schema_migrations` (`version`) VALUES ('20120325211800')[0m
  [1m[35m (0.6ms)[0m  SELECT `schema_migrations`.`version` FROM `schema_migrations` 
  [1m[36m (0.2ms)[0m  [1mSELECT `schema_migrations`.`version` FROM `schema_migrations` [0m
  [1m[35m (688.6ms)[0m  DROP DATABASE IF EXISTS `servizi_studenti_test`
  [1m[36m (0.5ms)[0m  [1mCREATE DATABASE `servizi_studenti_test` DEFAULT CHARACTER SET `utf8` COLLATE `utf8_unicode_ci`[0m
  [1m[35m (100.5ms)[0m  CREATE TABLE `exam_bookings` (`id` int(11) DEFAULT NULL auto_increment PRIMARY KEY, `teaching` varchar(255), `date` date, `time` time, `classroom` varchar(255), `professor` varchar(255), `booking_number` int(11), `notes` text, `delete_prenotation_url` varchar(255), `created_at` datetime NOT NULL, `updated_at` datetime NOT NULL) ENGINE=InnoDB
  [1m[36m (96.3ms)[0m  [1mCREATE TABLE `exam_sessions` (`id` int(11) DEFAULT NULL auto_increment PRIMARY KEY, `teaching` varchar(255), `course` varchar(255), `address` varchar(255), `cfu` int(11), `ssd` varchar(255), `date` date, `prenotation_range` varchar(255), `classroom` varchar(255), `professor` varchar(255), `notes` text, `created_at` datetime NOT NULL, `updated_at` datetime NOT NULL, `time` time, `prenotation_url` varchar(255)) ENGINE=InnoDB[0m
  [1m[35m (97.3ms)[0m  CREATE TABLE `exams` (`id` int(11) DEFAULT NULL auto_increment PRIMARY KEY, `name` varchar(255), `date` date, `code` varchar(255), `outcome` varchar(255), `created_at` datetime NOT NULL, `updated_at` datetime NOT NULL) ENGINE=InnoDB
  [1m[36m (131.1ms)[0m  [1mCREATE TABLE `isees` (`id` int(11) DEFAULT NULL auto_increment PRIMARY KEY, `student_code` varchar(255), `name` varchar(255), `surname` varchar(255), `date_of_birth` date, `place_of_birth` varchar(255), `tax_code` varchar(255), `value_scale_equivalence` float, `ise` float, `isee` float, `created_at` datetime NOT NULL, `updated_at` datetime NOT NULL, `caf_protocol_number` varchar(255)) ENGINE=InnoDB[0m
  [1m[35m (131.8ms)[0m  CREATE TABLE `keys` (`id` int(11) DEFAULT NULL auto_increment PRIMARY KEY, `P_1XXD` varchar(255), `P_2XXI` varchar(255), `P_3XXC` varchar(255), `created_at` datetime NOT NULL, `updated_at` datetime NOT NULL) ENGINE=InnoDB
  [1m[36m (97.4ms)[0m  [1mCREATE TABLE `payments` (`id` int(11) DEFAULT NULL auto_increment PRIMARY KEY, `code` varchar(255), `academic_year` varchar(255), `description` text, `amount` float, `date` date, `created_at` datetime NOT NULL, `updated_at` datetime NOT NULL, `status` varchar(255)) ENGINE=InnoDB[0m
  [1m[35m (106.7ms)[0m  CREATE TABLE `students` (`id` int(11) DEFAULT NULL auto_increment PRIMARY KEY, `surname` varchar(255), `name` varchar(255), `gender` varchar(255), `date_of_birth` date, `place_of_birth` varchar(255), `citizenship` varchar(255), `tax_code` varchar(255), `created_at` datetime NOT NULL, `updated_at` datetime NOT NULL) ENGINE=InnoDB
  [1m[36m (97.4ms)[0m  [1mCREATE TABLE `study_plans` (`id` int(11) DEFAULT NULL auto_increment PRIMARY KEY, `created_at` datetime NOT NULL, `updated_at` datetime NOT NULL) ENGINE=InnoDB[0m
  [1m[35m (111.0ms)[0m  CREATE TABLE `teachings` (`id` int(11) DEFAULT NULL auto_increment PRIMARY KEY, `program_year` int(11), `name` varchar(255), `outcome` varchar(255), `cfu` int(11), `taf` varchar(255), `ssd` varchar(255), `created_at` datetime NOT NULL, `updated_at` datetime NOT NULL) ENGINE=InnoDB
  [1m[36m (98.0ms)[0m  [1mCREATE TABLE `schema_migrations` (`version` varchar(255) NOT NULL) ENGINE=InnoDB[0m
  [1m[35m (459.2ms)[0m  CREATE UNIQUE INDEX `unique_schema_migrations` ON `schema_migrations` (`version`)
  [1m[36m (0.8ms)[0m  [1mSELECT version FROM `schema_migrations`[0m
  [1m[35m (51.8ms)[0m  INSERT INTO `schema_migrations` (version) VALUES ('20120325211800')
  [1m[36m (44.1ms)[0m  [1mINSERT INTO `schema_migrations` (version) VALUES ('20120312102858')[0m
  [1m[35m (44.2ms)[0m  INSERT INTO `schema_migrations` (version) VALUES ('20120316135918')
  [1m[36m (44.2ms)[0m  [1mINSERT INTO `schema_migrations` (version) VALUES ('20120322114623')[0m
  [1m[35m (44.3ms)[0m  INSERT INTO `schema_migrations` (version) VALUES ('20120319134102')
  [1m[36m (44.2ms)[0m  [1mINSERT INTO `schema_migrations` (version) VALUES ('20120317133410')[0m
  [1m[35m (44.3ms)[0m  INSERT INTO `schema_migrations` (version) VALUES ('20120316135742')
  [1m[36m (44.2ms)[0m  [1mINSERT INTO `schema_migrations` (version) VALUES ('20120316151528')[0m
  [1m[35m (44.4ms)[0m  INSERT INTO `schema_migrations` (version) VALUES ('20120319124639')
  [1m[36m (44.0ms)[0m  [1mINSERT INTO `schema_migrations` (version) VALUES ('20120311141015')[0m
  [1m[35m (44.3ms)[0m  INSERT INTO `schema_migrations` (version) VALUES ('20120318234746')
  [1m[36m (44.2ms)[0m  [1mINSERT INTO `schema_migrations` (version) VALUES ('20120321191759')[0m
  [1m[35m (44.3ms)[0m  INSERT INTO `schema_migrations` (version) VALUES ('20120318233947')
  [1m[36m (46.1ms)[0m  [1mINSERT INTO `schema_migrations` (version) VALUES ('20120321190932')[0m
